#
# There is insufficient memory for the Java Runtime Environment to continue.
# Native memory allocation (malloc) failed to allocate 935776 bytes. Error detail: Chunk::new
# Possible reasons:
#   The system is out of physical RAM or swap space
#   This process is running with CompressedOops enabled, and the Java Heap may be blocking the growth of the native heap
# Possible solutions:
#   Reduce memory load on the system
#   Increase physical memory or swap space
#   Check if swap backing store is full
#   Decrease Java heap size (-Xmx/-Xms)
#   Decrease number of Java threads
#   Decrease Java thread stack sizes (-Xss)
#   Set larger code cache with -XX:ReservedCodeCacheSize=
#   JVM is running with Unscaled Compressed Oops mode in which the Java heap is
#     placed in the first 4GB address space. The Java Heap base address is the
#     maximum limit for the native heap growth. Please use -XX:HeapBaseMinAddress
#     to set the Java Heap base and to place the Java Heap above 4GB virtual address.
# This output file may be truncated or incomplete.
#
#  Out of Memory Error (arena.cpp:191), pid=5100, tid=8120
#
# JRE version: OpenJDK Runtime Environment (17.0.11) (build 17.0.11+0--11852314)
# Java VM: OpenJDK 64-Bit Server VM (17.0.11+0--11852314, mixed mode, tiered, compressed oops, compressed class ptrs, g1 gc, windows-amd64)
# No core dump will be written. Minidumps are not enabled by default on client versions of Windows
#

---------------  S U M M A R Y ------------

Command Line: --add-opens=java.base/java.util=ALL-UNNAMED --add-opens=java.base/java.lang=ALL-UNNAMED --add-opens=java.base/java.lang.invoke=ALL-UNNAMED --add-opens=java.prefs/java.util.prefs=ALL-UNNAMED --add-opens=java.base/java.nio.charset=ALL-UNNAMED --add-opens=java.base/java.net=ALL-UNNAMED --add-opens=java.base/java.util.concurrent.atomic=ALL-UNNAMED -Xmx2048m -Dfile.encoding=UTF-8 -Duser.country=US -Duser.language=en -Duser.variant -javaagent:C:\Users\ADMIN\.gradle\wrapper\dists\gradle-8.7-bin\bhs2wmbdwecv87pi65oeuq5iu\gradle-8.7\lib\agents\gradle-instrumentation-agent-8.7.jar org.gradle.launcher.daemon.bootstrap.GradleDaemon 8.7

Host: 11th Gen Intel(R) Core(TM) i5-1135G7 @ 2.40GHz, 8 cores, 7G,  Windows 10 , 64 bit Build 19041 (10.0.19041.5438)
Time: Wed Mar 26 10:25:55 2025 SE Asia Standard Time elapsed time: 5.912837 seconds (0d 0h 0m 5s)

---------------  T H R E A D  ---------------

Current thread (0x000001bbd3964060):  JavaThread "C2 CompilerThread0" daemon [_thread_in_native, id=8120, stack(0x0000007261e00000,0x0000007261f00000)]


Current CompileTask:
C2:   5913 6790       4       java.lang.invoke.MethodType::makeImpl (109 bytes)

Stack: [0x0000007261e00000,0x0000007261f00000]
Native frames: (J=compiled Java code, j=interpreted, Vv=VM code, C=native code)
V  [jvm.dll+0x687bb9]
V  [jvm.dll+0x84142a]
V  [jvm.dll+0x8430ae]
V  [jvm.dll+0x843713]
V  [jvm.dll+0x24a35f]
V  [jvm.dll+0xac544]
V  [jvm.dll+0xacb8c]
V  [jvm.dll+0x2b194f]
V  [jvm.dll+0x58eba7]
V  [jvm.dll+0x2247e2]
V  [jvm.dll+0x21daf0]
V  [jvm.dll+0x21b201]
V  [jvm.dll+0x1a63ed]
V  [jvm.dll+0x22b1ee]
V  [jvm.dll+0x229375]
V  [jvm.dll+0x7f5647]
V  [jvm.dll+0x7efa4a]
V  [jvm.dll+0x686a35]
C  [ucrtbase.dll+0x21bb2]
C  [KERNEL32.DLL+0x17374]
C  [ntdll.dll+0x4cc91]


---------------  P R O C E S S  ---------------

Threads class SMR info:
_java_thread_list=0x000001bbda074c10, length=49, elements={
0x000001bbb7997740, 0x000001bbd37e1450, 0x000001bbd37e1f20, 0x000001bbd3951460,
0x000001bbd395c830, 0x000001bbd3961b50, 0x000001bbd3962420, 0x000001bbd3964060,
0x000001bbd396ac00, 0x000001bbd396ea10, 0x000001bbd3a47db0, 0x000001bbd3c5e200,
0x000001bbd9d8f850, 0x000001bbd8ffc390, 0x000001bbd89c7890, 0x000001bbd99bb000,
0x000001bbd9189d60, 0x000001bbd97a2cc0, 0x000001bbd9968590, 0x000001bbd98034c0,
0x000001bbd9802590, 0x000001bbd98039d0, 0x000001bbd9a57f30, 0x000001bbd9a57a20,
0x000001bbd9a59370, 0x000001bbd9a57510, 0x000001bbd9a58e60, 0x000001bbd9a58950,
0x000001bbd9a5acc0, 0x000001bbd9a59d90, 0x000001bbd9a59880, 0x000001bbd9a5a2a0,
0x000001bbdae33590, 0x000001bbdae33aa0, 0x000001bbdae35e10, 0x000001bbdae39ad0,
0x000001bbdae344c0, 0x000001bbdae36830, 0x000001bbdae36320, 0x000001bbdae36d40,
0x000001bbdae349d0, 0x000001bbdae37c70, 0x000001bbdae353f0, 0x000001bbdae35900,
0x000001bbdae37250, 0x000001bbdae33fb0, 0x000001bbdae37760, 0x000001bbdae38690,
0x000001bbdae38ba0
}

Java Threads: ( => current thread )
  0x000001bbb7997740 JavaThread "main" [_thread_blocked, id=2592, stack(0x0000007261100000,0x0000007261200000)]
  0x000001bbd37e1450 JavaThread "Reference Handler" daemon [_thread_blocked, id=12068, stack(0x0000007261800000,0x0000007261900000)]
  0x000001bbd37e1f20 JavaThread "Finalizer" daemon [_thread_blocked, id=13032, stack(0x0000007261900000,0x0000007261a00000)]
  0x000001bbd3951460 JavaThread "Signal Dispatcher" daemon [_thread_blocked, id=5796, stack(0x0000007261a00000,0x0000007261b00000)]
  0x000001bbd395c830 JavaThread "Attach Listener" daemon [_thread_blocked, id=11668, stack(0x0000007261b00000,0x0000007261c00000)]
  0x000001bbd3961b50 JavaThread "Service Thread" daemon [_thread_blocked, id=7180, stack(0x0000007261c00000,0x0000007261d00000)]
  0x000001bbd3962420 JavaThread "Monitor Deflation Thread" daemon [_thread_blocked, id=14788, stack(0x0000007261d00000,0x0000007261e00000)]
=>0x000001bbd3964060 JavaThread "C2 CompilerThread0" daemon [_thread_in_native, id=8120, stack(0x0000007261e00000,0x0000007261f00000)]
  0x000001bbd396ac00 JavaThread "C1 CompilerThread0" daemon [_thread_blocked, id=8112, stack(0x0000007261f00000,0x0000007262000000)]
  0x000001bbd396ea10 JavaThread "Sweeper thread" daemon [_thread_blocked, id=7948, stack(0x0000007262000000,0x0000007262100000)]
  0x000001bbd3a47db0 JavaThread "Common-Cleaner" daemon [_thread_blocked, id=10680, stack(0x0000007262100000,0x0000007262200000)]
  0x000001bbd3c5e200 JavaThread "Notification Thread" daemon [_thread_blocked, id=15344, stack(0x0000007262200000,0x0000007262300000)]
  0x000001bbd9d8f850 JavaThread "Daemon health stats" [_thread_blocked, id=13264, stack(0x0000007262800000,0x0000007262900000)]
  0x000001bbd8ffc390 JavaThread "Incoming local TCP Connector on port 59610" [_thread_in_native, id=728, stack(0x0000007262900000,0x0000007262a00000)]
  0x000001bbd89c7890 JavaThread "Daemon periodic checks" [_thread_blocked, id=3128, stack(0x0000007262a00000,0x0000007262b00000)]
  0x000001bbd99bb000 JavaThread "Daemon" [_thread_blocked, id=8660, stack(0x0000007262b00000,0x0000007262c00000)]
  0x000001bbd9189d60 JavaThread "Handler for socket connection from /127.0.0.1:59610 to /127.0.0.1:59611" [_thread_in_native, id=14944, stack(0x0000007262c00000,0x0000007262d00000)]
  0x000001bbd97a2cc0 JavaThread "Cancel handler" [_thread_blocked, id=2700, stack(0x0000007262d00000,0x0000007262e00000)]
  0x000001bbd9968590 JavaThread "Daemon worker" [_thread_in_native, id=11744, stack(0x0000007262e00000,0x0000007262f00000)]
  0x000001bbd98034c0 JavaThread "Asynchronous log dispatcher for DefaultDaemonConnection: socket connection from /127.0.0.1:59610 to /127.0.0.1:59611" [_thread_blocked, id=4828, stack(0x0000007262f00000,0x0000007263000000)]
  0x000001bbd9802590 JavaThread "Stdin handler" [_thread_blocked, id=13704, stack(0x0000007263000000,0x0000007263100000)]
  0x000001bbd98039d0 JavaThread "Daemon client event forwarder" [_thread_blocked, id=5520, stack(0x0000007263100000,0x0000007263200000)]
  0x000001bbd9a57f30 JavaThread "Cache worker for journal cache (C:\Users\ADMIN\.gradle\caches\journal-1)" [_thread_blocked, id=14804, stack(0x0000007263600000,0x0000007263700000)]
  0x000001bbd9a57a20 JavaThread "File lock request listener" [_thread_in_native, id=8556, stack(0x0000007263700000,0x0000007263800000)]
  0x000001bbd9a59370 JavaThread "Cache worker for file hash cache (C:\Users\ADMIN\.gradle\caches\8.7\fileHashes)" [_thread_blocked, id=14840, stack(0x0000007263800000,0x0000007263900000)]
  0x000001bbd9a57510 JavaThread "Cache worker for file hash cache (C:\Users\ADMIN\Desktop\NCKH\.gradle\8.7\fileHashes)" [_thread_blocked, id=4436, stack(0x0000007263900000,0x0000007263a00000)]
  0x000001bbd9a58e60 JavaThread "File watcher server" daemon [_thread_in_native, id=13752, stack(0x0000007263a00000,0x0000007263b00000)]
  0x000001bbd9a58950 JavaThread "File watcher consumer" daemon [_thread_blocked, id=8056, stack(0x0000007263b00000,0x0000007263c00000)]
  0x000001bbd9a5acc0 JavaThread "Cache worker for checksums cache (C:\Users\ADMIN\Desktop\NCKH\.gradle\8.7\checksums)" [_thread_blocked, id=6060, stack(0x0000007263c00000,0x0000007263d00000)]
  0x000001bbd9a59d90 JavaThread "Cache worker for cache directory md-supplier (C:\Users\ADMIN\.gradle\caches\8.7\md-supplier)" [_thread_blocked, id=6824, stack(0x0000007263d00000,0x0000007263e00000)]
  0x000001bbd9a59880 JavaThread "Cache worker for cache directory md-rule (C:\Users\ADMIN\.gradle\caches\8.7\md-rule)" [_thread_blocked, id=10064, stack(0x0000007263e00000,0x0000007263f00000)]
  0x000001bbd9a5a2a0 JavaThread "Cache worker for file content cache (C:\Users\ADMIN\.gradle\caches\8.7\fileContent)" [_thread_blocked, id=15168, stack(0x0000007263f00000,0x0000007264000000)]
  0x000001bbdae33590 JavaThread "Cache worker for Build Output Cleanup Cache (C:\Users\ADMIN\Desktop\NCKH\.gradle\buildOutputCleanup)" [_thread_blocked, id=7388, stack(0x0000007264100000,0x0000007264200000)]
  0x000001bbdae33aa0 JavaThread "Unconstrained build operations" [_thread_blocked, id=7688, stack(0x0000007264200000,0x0000007264300000)]
  0x000001bbdae35e10 JavaThread "Unconstrained build operations Thread 2" [_thread_blocked, id=14844, stack(0x0000007264300000,0x0000007264400000)]
  0x000001bbdae39ad0 JavaThread "Unconstrained build operations Thread 3" [_thread_blocked, id=8640, stack(0x0000007264400000,0x0000007264500000)]
  0x000001bbdae344c0 JavaThread "Unconstrained build operations Thread 4" [_thread_blocked, id=832, stack(0x0000007264500000,0x0000007264600000)]
  0x000001bbdae36830 JavaThread "Unconstrained build operations Thread 5" [_thread_blocked, id=7020, stack(0x0000007264600000,0x0000007264700000)]
  0x000001bbdae36320 JavaThread "Unconstrained build operations Thread 6" [_thread_blocked, id=10572, stack(0x0000007264700000,0x0000007264800000)]
  0x000001bbdae36d40 JavaThread "Unconstrained build operations Thread 7" [_thread_blocked, id=13388, stack(0x0000007264800000,0x0000007264900000)]
  0x000001bbdae349d0 JavaThread "Unconstrained build operations Thread 8" [_thread_blocked, id=12404, stack(0x0000007264900000,0x0000007264a00000)]
  0x000001bbdae37c70 JavaThread "Unconstrained build operations Thread 9" [_thread_blocked, id=1420, stack(0x0000007264a00000,0x0000007264b00000)]
  0x000001bbdae353f0 JavaThread "Unconstrained build operations Thread 10" [_thread_blocked, id=1008, stack(0x0000007264b00000,0x0000007264c00000)]
  0x000001bbdae35900 JavaThread "Unconstrained build operations Thread 11" [_thread_blocked, id=6952, stack(0x0000007264c00000,0x0000007264d00000)]
  0x000001bbdae37250 JavaThread "Unconstrained build operations Thread 12" [_thread_blocked, id=15184, stack(0x0000007264d00000,0x0000007264e00000)]
  0x000001bbdae33fb0 JavaThread "Unconstrained build operations Thread 13" [_thread_blocked, id=3588, stack(0x0000007264e00000,0x0000007264f00000)]
  0x000001bbdae37760 JavaThread "Unconstrained build operations Thread 14" [_thread_blocked, id=14480, stack(0x0000007264f00000,0x0000007265000000)]
  0x000001bbdae38690 JavaThread "build event listener" [_thread_blocked, id=10532, stack(0x0000007265000000,0x0000007265100000)]
  0x000001bbdae38ba0 JavaThread "Memory manager" [_thread_blocked, id=10492, stack(0x0000007265100000,0x0000007265200000)]

Other Threads:
  0x000001bbd37d8960 VMThread "VM Thread" [stack: 0x0000007261700000,0x0000007261800000] [id=2384]
  0x000001bbd3c5e6e0 WatcherThread [stack: 0x0000007262300000,0x0000007262400000] [id=14648]
  0x000001bbb79f2f30 GCTaskThread "GC Thread#0" [stack: 0x0000007261200000,0x0000007261300000] [id=3152]
  0x000001bbd87cebe0 GCTaskThread "GC Thread#1" [stack: 0x0000007262400000,0x0000007262500000] [id=15056]
  0x000001bbd87cd8a0 GCTaskThread "GC Thread#2" [stack: 0x0000007262500000,0x0000007262600000] [id=4752]
  0x000001bbd87ce920 GCTaskThread "GC Thread#3" [stack: 0x0000007262600000,0x0000007262700000] [id=14612]
  0x000001bbd87ce3a0 GCTaskThread "GC Thread#4" [stack: 0x0000007262700000,0x0000007262800000] [id=15076]
  0x000001bbd87cd060 GCTaskThread "GC Thread#5" [stack: 0x0000007263200000,0x0000007263300000] [id=15052]
  0x000001bbd87cd5e0 GCTaskThread "GC Thread#6" [stack: 0x0000007263300000,0x0000007263400000] [id=2864]
  0x000001bbd87cdb60 GCTaskThread "GC Thread#7" [stack: 0x0000007263400000,0x0000007263500000] [id=8752]
  0x000001bbb794dfe0 ConcurrentGCThread "G1 Main Marker" [stack: 0x0000007261300000,0x0000007261400000] [id=6544]
  0x000001bbb794e910 ConcurrentGCThread "G1 Conc#0" [stack: 0x0000007261400000,0x0000007261500000] [id=5248]
  0x000001bbd87cde20 ConcurrentGCThread "G1 Conc#1" [stack: 0x0000007263500000,0x0000007263600000] [id=6092]
  0x000001bbb7a4d260 ConcurrentGCThread "G1 Refine#0" [stack: 0x0000007261500000,0x0000007261600000] [id=7536]
  0x000001bbda64c8f0 ConcurrentGCThread "G1 Refine#1" [stack: 0x0000007264000000,0x0000007264100000] [id=6528]
  0x000001bbb7a4dba0 ConcurrentGCThread "G1 Service" [stack: 0x0000007261600000,0x0000007261700000] [id=3176]

Threads with active compile tasks:
C2 CompilerThread0     5932 6790       4       java.lang.invoke.MethodType::makeImpl (109 bytes)

VM state: not at safepoint (normal execution)

VM Mutex/Monitor currently owned by a thread: None

Heap address: 0x0000000080000000, size: 2048 MB, Compressed Oops mode: 32-bit

CDS archive(s) not mapped
Compressed class space mapped at: 0x0000000100000000-0x0000000140000000, reserved size: 1073741824
Narrow klass base: 0x0000000000000000, Narrow klass shift: 3, Narrow klass range: 0x140000000

GC Precious Log:
 CPUs: 8 total, 8 available
 Memory: 7918M
 Large Page Support: Disabled
 NUMA Support: Disabled
 Compressed Oops: Enabled (32-bit)
 Heap Region Size: 1M
 Heap Min Capacity: 8M
 Heap Initial Capacity: 124M
 Heap Max Capacity: 2G
 Pre-touch: Disabled
 Parallel Workers: 8
 Concurrent Workers: 2
 Concurrent Refinement Workers: 8
 Periodic GC: Disabled

Heap:
 garbage-first heap   total 124928K, used 57552K [0x0000000080000000, 0x0000000100000000)
  region size 1024K, 5 young (5120K), 2 survivors (2048K)
 Metaspace       used 66752K, committed 67392K, reserved 1114112K
  class space    used 9029K, committed 9344K, reserved 1048576K

Heap Regions: E=young(eden), S=young(survivor), O=old, HS=humongous(starts), HC=humongous(continues), CS=collection set, F=free, OA=open archive, CA=closed archive, TAMS=top-at-mark-start (previous, next)
|   0|0x0000000080000000, 0x0000000080100000, 0x0000000080100000|100%|HS|  |TAMS 0x0000000080100000, 0x0000000080000000| Complete 
|   1|0x0000000080100000, 0x0000000080200000, 0x0000000080200000|100%|HC|  |TAMS 0x0000000080200000, 0x0000000080100000| Complete 
|   2|0x0000000080200000, 0x0000000080300000, 0x0000000080300000|100%|HC|  |TAMS 0x0000000080300000, 0x0000000080200000| Complete 
|   3|0x0000000080300000, 0x0000000080400000, 0x0000000080400000|100%|HC|  |TAMS 0x0000000080400000, 0x0000000080300000| Complete 
|   4|0x0000000080400000, 0x0000000080500000, 0x0000000080500000|100%| O|  |TAMS 0x0000000080500000, 0x0000000080400000| Untracked 
|   5|0x0000000080500000, 0x0000000080600000, 0x0000000080600000|100%| O|  |TAMS 0x0000000080600000, 0x0000000080500000| Untracked 
|   6|0x0000000080600000, 0x0000000080700000, 0x0000000080700000|100%| O|  |TAMS 0x0000000080700000, 0x0000000080600000| Untracked 
|   7|0x0000000080700000, 0x0000000080800000, 0x0000000080800000|100%| O|  |TAMS 0x0000000080800000, 0x0000000080700000| Untracked 
|   8|0x0000000080800000, 0x0000000080900000, 0x0000000080900000|100%| O|  |TAMS 0x0000000080900000, 0x0000000080800000| Untracked 
|   9|0x0000000080900000, 0x0000000080a00000, 0x0000000080a00000|100%| O|  |TAMS 0x0000000080a00000, 0x0000000080900000| Untracked 
|  10|0x0000000080a00000, 0x0000000080a00000, 0x0000000080b00000|  0%| F|  |TAMS 0x0000000080a00000, 0x0000000080a00000| Untracked 
|  11|0x0000000080b00000, 0x0000000080c00000, 0x0000000080c00000|100%| O|  |TAMS 0x0000000080c00000, 0x0000000080b00000| Untracked 
|  12|0x0000000080c00000, 0x0000000080d00000, 0x0000000080d00000|100%| O|  |TAMS 0x0000000080d00000, 0x0000000080c00000| Untracked 
|  13|0x0000000080d00000, 0x0000000080e00000, 0x0000000080e00000|100%| O|  |TAMS 0x0000000080e00000, 0x0000000080d00000| Untracked 
|  14|0x0000000080e00000, 0x0000000080f00000, 0x0000000080f00000|100%| O|  |TAMS 0x0000000080f00000, 0x0000000080e00000| Untracked 
|  15|0x0000000080f00000, 0x0000000081000000, 0x0000000081000000|100%| O|  |TAMS 0x0000000081000000, 0x0000000080f00000| Untracked 
|  16|0x0000000081000000, 0x0000000081100000, 0x0000000081100000|100%| O|  |TAMS 0x0000000081100000, 0x0000000081000000| Untracked 
|  17|0x0000000081100000, 0x0000000081200000, 0x0000000081200000|100%| O|  |TAMS 0x0000000081200000, 0x0000000081100000| Untracked 
|  18|0x0000000081200000, 0x0000000081300000, 0x0000000081300000|100%| O|  |TAMS 0x0000000081300000, 0x0000000081200000| Untracked 
|  19|0x0000000081300000, 0x0000000081400000, 0x0000000081400000|100%| O|  |TAMS 0x0000000081400000, 0x0000000081300000| Untracked 
|  20|0x0000000081400000, 0x0000000081500000, 0x0000000081500000|100%| O|  |TAMS 0x0000000081500000, 0x0000000081400000| Untracked 
|  21|0x0000000081500000, 0x0000000081600000, 0x0000000081600000|100%| O|  |TAMS 0x0000000081600000, 0x0000000081500000| Untracked 
|  22|0x0000000081600000, 0x0000000081700000, 0x0000000081700000|100%| O|  |TAMS 0x0000000081700000, 0x0000000081600000| Untracked 
|  23|0x0000000081700000, 0x0000000081800000, 0x0000000081800000|100%| O|  |TAMS 0x0000000081800000, 0x0000000081700000| Untracked 
|  24|0x0000000081800000, 0x0000000081900000, 0x0000000081900000|100%| O|  |TAMS 0x0000000081900000, 0x0000000081800000| Untracked 
|  25|0x0000000081900000, 0x0000000081a00000, 0x0000000081a00000|100%| O|  |TAMS 0x0000000081a00000, 0x0000000081900000| Untracked 
|  26|0x0000000081a00000, 0x0000000081b00000, 0x0000000081b00000|100%| O|  |TAMS 0x0000000081b00000, 0x0000000081a00000| Untracked 
|  27|0x0000000081b00000, 0x0000000081c00000, 0x0000000081c00000|100%| O|  |TAMS 0x0000000081c00000, 0x0000000081b00000| Untracked 
|  28|0x0000000081c00000, 0x0000000081d00000, 0x0000000081d00000|100%| O|  |TAMS 0x0000000081d00000, 0x0000000081c00000| Untracked 
|  29|0x0000000081d00000, 0x0000000081e00000, 0x0000000081e00000|100%| O|  |TAMS 0x0000000081e00000, 0x0000000081d00000| Untracked 
|  30|0x0000000081e00000, 0x0000000081f00000, 0x0000000081f00000|100%| O|  |TAMS 0x0000000081f00000, 0x0000000081e00000| Untracked 
|  31|0x0000000081f00000, 0x0000000082000000, 0x0000000082000000|100%| O|  |TAMS 0x0000000082000000, 0x0000000081f00000| Complete 
|  32|0x0000000082000000, 0x0000000082100000, 0x0000000082100000|100%| O|  |TAMS 0x0000000082100000, 0x0000000082000000| Untracked 
|  33|0x0000000082100000, 0x0000000082200000, 0x0000000082200000|100%| O|  |TAMS 0x0000000082200000, 0x0000000082100000| Untracked 
|  34|0x0000000082200000, 0x0000000082300000, 0x0000000082300000|100%|HS|  |TAMS 0x0000000082300000, 0x0000000082200000| Complete 
|  35|0x0000000082300000, 0x0000000082400000, 0x0000000082400000|100%|HS|  |TAMS 0x0000000082400000, 0x0000000082300000| Complete 
|  36|0x0000000082400000, 0x0000000082500000, 0x0000000082500000|100%|HS|  |TAMS 0x0000000082500000, 0x0000000082400000| Complete 
|  37|0x0000000082500000, 0x0000000082600000, 0x0000000082600000|100%| O|  |TAMS 0x0000000082600000, 0x0000000082500000| Untracked 
|  38|0x0000000082600000, 0x0000000082700000, 0x0000000082700000|100%| O|  |TAMS 0x0000000082700000, 0x0000000082600000| Untracked 
|  39|0x0000000082700000, 0x0000000082800000, 0x0000000082800000|100%| O|  |TAMS 0x0000000082800000, 0x0000000082700000| Untracked 
|  40|0x0000000082800000, 0x0000000082900000, 0x0000000082900000|100%|HS|  |TAMS 0x0000000082900000, 0x0000000082800000| Complete 
|  41|0x0000000082900000, 0x0000000082a00000, 0x0000000082a00000|100%| O|  |TAMS 0x0000000082a00000, 0x0000000082900000| Untracked 
|  42|0x0000000082a00000, 0x0000000082b00000, 0x0000000082b00000|100%|HS|  |TAMS 0x0000000082b00000, 0x0000000082a00000| Complete 
|  43|0x0000000082b00000, 0x0000000082c00000, 0x0000000082c00000|100%|HS|  |TAMS 0x0000000082c00000, 0x0000000082b00000| Complete 
|  44|0x0000000082c00000, 0x0000000082d00000, 0x0000000082d00000|100%| O|  |TAMS 0x0000000082d00000, 0x0000000082c00000| Untracked 
|  45|0x0000000082d00000, 0x0000000082e00000, 0x0000000082e00000|100%| O|  |TAMS 0x0000000082e00000, 0x0000000082d00000| Untracked 
|  46|0x0000000082e00000, 0x0000000082f00000, 0x0000000082f00000|100%| O|  |TAMS 0x0000000082f00000, 0x0000000082e00000| Untracked 
|  47|0x0000000082f00000, 0x0000000083000000, 0x0000000083000000|100%| O|  |TAMS 0x0000000083000000, 0x0000000082f00000| Untracked 
|  48|0x0000000083000000, 0x0000000083100000, 0x0000000083100000|100%| O|  |TAMS 0x0000000083100000, 0x0000000083000000| Untracked 
|  49|0x0000000083100000, 0x0000000083200000, 0x0000000083200000|100%| O|  |TAMS 0x0000000083200000, 0x0000000083100000| Untracked 
|  50|0x0000000083200000, 0x0000000083300000, 0x0000000083300000|100%| O|  |TAMS 0x0000000083300000, 0x0000000083200000| Untracked 
|  51|0x0000000083300000, 0x0000000083400000, 0x0000000083400000|100%| O|  |TAMS 0x0000000083400000, 0x0000000083300000| Untracked 
|  52|0x0000000083400000, 0x0000000083500000, 0x0000000083500000|100%| O|  |TAMS 0x0000000083500000, 0x0000000083400000| Untracked 
|  53|0x0000000083500000, 0x0000000083600000, 0x0000000083600000|100%| O|  |TAMS 0x0000000083600000, 0x0000000083500000| Untracked 
|  54|0x0000000083600000, 0x000000008361ca00, 0x0000000083700000| 11%| O|  |TAMS 0x000000008361ca00, 0x0000000083600000| Untracked 
|  55|0x0000000083700000, 0x0000000083700000, 0x0000000083800000|  0%| F|  |TAMS 0x0000000083700000, 0x0000000083700000| Untracked 
|  56|0x0000000083800000, 0x0000000083800000, 0x0000000083900000|  0%| F|  |TAMS 0x0000000083800000, 0x0000000083800000| Untracked 
|  57|0x0000000083900000, 0x0000000083900000, 0x0000000083a00000|  0%| F|  |TAMS 0x0000000083900000, 0x0000000083900000| Untracked 
|  58|0x0000000083a00000, 0x0000000083a00000, 0x0000000083b00000|  0%| F|  |TAMS 0x0000000083a00000, 0x0000000083a00000| Untracked 
|  59|0x0000000083b00000, 0x0000000083b00000, 0x0000000083c00000|  0%| F|  |TAMS 0x0000000083b00000, 0x0000000083b00000| Untracked 
|  60|0x0000000083c00000, 0x0000000083c00000, 0x0000000083d00000|  0%| F|  |TAMS 0x0000000083c00000, 0x0000000083c00000| Untracked 
|  61|0x0000000083d00000, 0x0000000083d00000, 0x0000000083e00000|  0%| F|  |TAMS 0x0000000083d00000, 0x0000000083d00000| Untracked 
|  62|0x0000000083e00000, 0x0000000083e00000, 0x0000000083f00000|  0%| F|  |TAMS 0x0000000083e00000, 0x0000000083e00000| Untracked 
|  63|0x0000000083f00000, 0x0000000083f00000, 0x0000000084000000|  0%| F|  |TAMS 0x0000000083f00000, 0x0000000083f00000| Untracked 
|  64|0x0000000084000000, 0x0000000084000000, 0x0000000084100000|  0%| F|  |TAMS 0x0000000084000000, 0x0000000084000000| Untracked 
|  65|0x0000000084100000, 0x0000000084100000, 0x0000000084200000|  0%| F|  |TAMS 0x0000000084100000, 0x0000000084100000| Untracked 
|  66|0x0000000084200000, 0x0000000084200000, 0x0000000084300000|  0%| F|  |TAMS 0x0000000084200000, 0x0000000084200000| Untracked 
|  67|0x0000000084300000, 0x0000000084300000, 0x0000000084400000|  0%| F|  |TAMS 0x0000000084300000, 0x0000000084300000| Untracked 
|  68|0x0000000084400000, 0x0000000084400000, 0x0000000084500000|  0%| F|  |TAMS 0x0000000084400000, 0x0000000084400000| Untracked 
|  69|0x0000000084500000, 0x0000000084500000, 0x0000000084600000|  0%| F|  |TAMS 0x0000000084500000, 0x0000000084500000| Untracked 
|  70|0x0000000084600000, 0x0000000084617958, 0x0000000084700000|  9%| S|CS|TAMS 0x0000000084600000, 0x0000000084600000| Complete 
|  71|0x0000000084700000, 0x0000000084800000, 0x0000000084800000|100%| S|CS|TAMS 0x0000000084700000, 0x0000000084700000| Complete 
|  72|0x0000000084800000, 0x0000000084800000, 0x0000000084900000|  0%| F|  |TAMS 0x0000000084800000, 0x0000000084800000| Untracked 
|  73|0x0000000084900000, 0x0000000084900000, 0x0000000084a00000|  0%| F|  |TAMS 0x0000000084900000, 0x0000000084900000| Untracked 
|  74|0x0000000084a00000, 0x0000000084a00000, 0x0000000084b00000|  0%| F|  |TAMS 0x0000000084a00000, 0x0000000084a00000| Untracked 
|  75|0x0000000084b00000, 0x0000000084b00000, 0x0000000084c00000|  0%| F|  |TAMS 0x0000000084b00000, 0x0000000084b00000| Untracked 
|  76|0x0000000084c00000, 0x0000000084c00000, 0x0000000084d00000|  0%| F|  |TAMS 0x0000000084c00000, 0x0000000084c00000| Untracked 
|  77|0x0000000084d00000, 0x0000000084d00000, 0x0000000084e00000|  0%| F|  |TAMS 0x0000000084d00000, 0x0000000084d00000| Untracked 
|  78|0x0000000084e00000, 0x0000000084e00000, 0x0000000084f00000|  0%| F|  |TAMS 0x0000000084e00000, 0x0000000084e00000| Untracked 
|  79|0x0000000084f00000, 0x0000000084f00000, 0x0000000085000000|  0%| F|  |TAMS 0x0000000084f00000, 0x0000000084f00000| Untracked 
|  80|0x0000000085000000, 0x0000000085000000, 0x0000000085100000|  0%| F|  |TAMS 0x0000000085000000, 0x0000000085000000| Untracked 
|  81|0x0000000085100000, 0x0000000085100000, 0x0000000085200000|  0%| F|  |TAMS 0x0000000085100000, 0x0000000085100000| Untracked 
|  82|0x0000000085200000, 0x0000000085200000, 0x0000000085300000|  0%| F|  |TAMS 0x0000000085200000, 0x0000000085200000| Untracked 
|  83|0x0000000085300000, 0x0000000085300000, 0x0000000085400000|  0%| F|  |TAMS 0x0000000085300000, 0x0000000085300000| Untracked 
|  84|0x0000000085400000, 0x0000000085400000, 0x0000000085500000|  0%| F|  |TAMS 0x0000000085400000, 0x0000000085400000| Untracked 
|  85|0x0000000085500000, 0x0000000085500000, 0x0000000085600000|  0%| F|  |TAMS 0x0000000085500000, 0x0000000085500000| Untracked 
|  86|0x0000000085600000, 0x0000000085600000, 0x0000000085700000|  0%| F|  |TAMS 0x0000000085600000, 0x0000000085600000| Untracked 
|  87|0x0000000085700000, 0x0000000085700000, 0x0000000085800000|  0%| F|  |TAMS 0x0000000085700000, 0x0000000085700000| Untracked 
|  88|0x0000000085800000, 0x0000000085800000, 0x0000000085900000|  0%| F|  |TAMS 0x0000000085800000, 0x0000000085800000| Untracked 
|  89|0x0000000085900000, 0x0000000085900000, 0x0000000085a00000|  0%| F|  |TAMS 0x0000000085900000, 0x0000000085900000| Untracked 
|  90|0x0000000085a00000, 0x0000000085a00000, 0x0000000085b00000|  0%| F|  |TAMS 0x0000000085a00000, 0x0000000085a00000| Untracked 
|  91|0x0000000085b00000, 0x0000000085b00000, 0x0000000085c00000|  0%| F|  |TAMS 0x0000000085b00000, 0x0000000085b00000| Untracked 
|  92|0x0000000085c00000, 0x0000000085c00000, 0x0000000085d00000|  0%| F|  |TAMS 0x0000000085c00000, 0x0000000085c00000| Untracked 
|  93|0x0000000085d00000, 0x0000000085d00000, 0x0000000085e00000|  0%| F|  |TAMS 0x0000000085d00000, 0x0000000085d00000| Untracked 
|  94|0x0000000085e00000, 0x0000000085e00000, 0x0000000085f00000|  0%| F|  |TAMS 0x0000000085e00000, 0x0000000085e00000| Untracked 
|  95|0x0000000085f00000, 0x0000000085f00000, 0x0000000086000000|  0%| F|  |TAMS 0x0000000085f00000, 0x0000000085f00000| Untracked 
|  96|0x0000000086000000, 0x0000000086000000, 0x0000000086100000|  0%| F|  |TAMS 0x0000000086000000, 0x0000000086000000| Untracked 
|  97|0x0000000086100000, 0x0000000086100000, 0x0000000086200000|  0%| F|  |TAMS 0x0000000086100000, 0x0000000086100000| Untracked 
|  98|0x0000000086200000, 0x0000000086200000, 0x0000000086300000|  0%| F|  |TAMS 0x0000000086200000, 0x0000000086200000| Untracked 
|  99|0x0000000086300000, 0x0000000086300000, 0x0000000086400000|  0%| F|  |TAMS 0x0000000086300000, 0x0000000086300000| Untracked 
| 100|0x0000000086400000, 0x0000000086400000, 0x0000000086500000|  0%| F|  |TAMS 0x0000000086400000, 0x0000000086400000| Untracked 
| 101|0x0000000086500000, 0x0000000086500000, 0x0000000086600000|  0%| F|  |TAMS 0x0000000086500000, 0x0000000086500000| Untracked 
| 102|0x0000000086600000, 0x0000000086600000, 0x0000000086700000|  0%| F|  |TAMS 0x0000000086600000, 0x0000000086600000| Untracked 
| 103|0x0000000086700000, 0x0000000086700000, 0x0000000086800000|  0%| F|  |TAMS 0x0000000086700000, 0x0000000086700000| Untracked 
| 104|0x0000000086800000, 0x0000000086800000, 0x0000000086900000|  0%| F|  |TAMS 0x0000000086800000, 0x0000000086800000| Untracked 
| 105|0x0000000086900000, 0x0000000086900000, 0x0000000086a00000|  0%| F|  |TAMS 0x0000000086900000, 0x0000000086900000| Untracked 
| 106|0x0000000086a00000, 0x0000000086a00000, 0x0000000086b00000|  0%| F|  |TAMS 0x0000000086a00000, 0x0000000086a00000| Untracked 
| 107|0x0000000086b00000, 0x0000000086b00000, 0x0000000086c00000|  0%| F|  |TAMS 0x0000000086b00000, 0x0000000086b00000| Untracked 
| 108|0x0000000086c00000, 0x0000000086c00000, 0x0000000086d00000|  0%| F|  |TAMS 0x0000000086c00000, 0x0000000086c00000| Untracked 
| 109|0x0000000086d00000, 0x0000000086d00000, 0x0000000086e00000|  0%| F|  |TAMS 0x0000000086d00000, 0x0000000086d00000| Untracked 
| 110|0x0000000086e00000, 0x0000000086e00000, 0x0000000086f00000|  0%| F|  |TAMS 0x0000000086e00000, 0x0000000086e00000| Untracked 
| 111|0x0000000086f00000, 0x0000000086f00000, 0x0000000087000000|  0%| F|  |TAMS 0x0000000086f00000, 0x0000000086f00000| Untracked 
| 112|0x0000000087000000, 0x0000000087000000, 0x0000000087100000|  0%| F|  |TAMS 0x0000000087000000, 0x0000000087000000| Untracked 
| 113|0x0000000087100000, 0x0000000087100000, 0x0000000087200000|  0%| F|  |TAMS 0x0000000087100000, 0x0000000087100000| Untracked 
| 114|0x0000000087200000, 0x0000000087200000, 0x0000000087300000|  0%| F|  |TAMS 0x0000000087200000, 0x0000000087200000| Untracked 
| 115|0x0000000087300000, 0x0000000087300000, 0x0000000087400000|  0%| F|  |TAMS 0x0000000087300000, 0x0000000087300000| Untracked 
| 116|0x0000000087400000, 0x0000000087400000, 0x0000000087500000|  0%| F|  |TAMS 0x0000000087400000, 0x0000000087400000| Untracked 
| 117|0x0000000087500000, 0x0000000087500000, 0x0000000087600000|  0%| F|  |TAMS 0x0000000087500000, 0x0000000087500000| Untracked 
| 118|0x0000000087600000, 0x0000000087680800, 0x0000000087700000| 50%| E|  |TAMS 0x0000000087600000, 0x0000000087600000| Complete 
| 119|0x0000000087700000, 0x0000000087800000, 0x0000000087800000|100%| E|CS|TAMS 0x0000000087700000, 0x0000000087700000| Complete 
| 120|0x0000000087800000, 0x0000000087900000, 0x0000000087900000|100%| E|CS|TAMS 0x0000000087800000, 0x0000000087800000| Complete 
| 123|0x0000000087b00000, 0x0000000087c00000, 0x0000000087c00000|100%| E|CS|TAMS 0x0000000087b00000, 0x0000000087b00000| Complete 

Card table byte_map: [0x000001bbcc4d0000,0x000001bbcc8d0000] _byte_map_base: 0x000001bbcc0d0000

Marking Bits (Prev, Next): (CMBitMap*) 0x000001bbb79f3460, (CMBitMap*) 0x000001bbb79f34a0
 Prev Bits: [0x000001bbcccd0000, 0x000001bbcecd0000)
 Next Bits: [0x000001bbcecd0000, 0x000001bbd0cd0000)

Polling page: 0x000001bbb7820000

Metaspace:

Usage:
  Non-class:     56.38 MB used.
      Class:      8.82 MB used.
       Both:     65.20 MB used.

Virtual space:
  Non-class space:       64.00 MB reserved,      56.69 MB ( 89%) committed,  1 nodes.
      Class space:        1.00 GB reserved,       9.12 MB ( <1%) committed,  1 nodes.
             Both:        1.06 GB reserved,      65.81 MB (  6%) committed. 

Chunk freelists:
   Non-Class:  6.70 MB
       Class:  6.84 MB
        Both:  13.55 MB

MaxMetaspaceSize: unlimited
CompressedClassSpaceSize: 1.00 GB
Initial GC threshold: 21.00 MB
Current GC threshold: 109.38 MB
CDS: off
MetaspaceReclaimPolicy: balanced
 - commit_granule_bytes: 65536.
 - commit_granule_words: 8192.
 - virtual_space_node_default_size: 8388608.
 - enlarge_chunks_in_place: 1.
 - new_chunks_are_fully_committed: 0.
 - uncommit_free_chunks: 1.
 - use_allocation_guard: 0.
 - handle_deallocations: 1.


Internal statistics:

num_allocs_failed_limit: 9.
num_arena_births: 768.
num_arena_deaths: 0.
num_vsnodes_births: 2.
num_vsnodes_deaths: 0.
num_space_committed: 1053.
num_space_uncommitted: 0.
num_chunks_returned_to_freelist: 9.
num_chunks_taken_from_freelist: 3128.
num_chunk_merges: 9.
num_chunk_splits: 2056.
num_chunks_enlarged: 1376.
num_inconsistent_stats: 0.

CodeHeap 'non-profiled nmethods': size=120000Kb used=3188Kb max_used=3188Kb free=116811Kb
 bounds [0x000001bbc4140000, 0x000001bbc4460000, 0x000001bbcb670000]
CodeHeap 'profiled nmethods': size=120000Kb used=12205Kb max_used=12205Kb free=107794Kb
 bounds [0x000001bbbc670000, 0x000001bbbd260000, 0x000001bbc3ba0000]
CodeHeap 'non-nmethods': size=5760Kb used=1658Kb max_used=1696Kb free=4101Kb
 bounds [0x000001bbc3ba0000, 0x000001bbc3e10000, 0x000001bbc4140000]
 total_blobs=7495 nmethods=6770 adapters=637
 compilation: enabled
              stopped_count=0, restarted_count=0
 full_count=0

Compilation events (20 events):
Event: 5.867 Thread 0x000001bbd396ac00 6832       2       java.lang.invoke.ClassSpecializer$SpeciesData::transformHelper (56 bytes)
Event: 5.867 Thread 0x000001bbd396ac00 nmethod 6832 0x000001bbbd254410 code [0x000001bbbd254640, 0x000001bbbd254b88]
Event: 5.869 Thread 0x000001bbd3964060 nmethod 6715 0x000001bbc445c490 code [0x000001bbc445c620, 0x000001bbc445caf8]
Event: 5.869 Thread 0x000001bbd3964060 6790       4       java.lang.invoke.MethodType::makeImpl (109 bytes)
Event: 5.874 Thread 0x000001bbd396ac00 6833       3       org.gradle.internal.instantiation.generator.AsmBackedClassGenerator$ClassBuilderImpl::access$6800 (4 bytes)
Event: 5.874 Thread 0x000001bbd396ac00 nmethod 6833 0x000001bbbd254f10 code [0x000001bbbd2550a0, 0x000001bbbd255198]
Event: 5.874 Thread 0x000001bbd396ac00 6834       1       org.gradle.internal.instantiation.generator.AsmBackedClassGenerator$ClassBuilderImpl::access$7100 (5 bytes)
Event: 5.874 Thread 0x000001bbd396ac00 nmethod 6834 0x000001bbc445cd90 code [0x000001bbc445cf20, 0x000001bbc445cfd8]
Event: 5.876 Thread 0x000001bbd396ac00 6835       3       org.gradle.internal.instantiation.generator.AsmBackedClassGenerator$ClassBuilderImpl::access$2800 (4 bytes)
Event: 5.876 Thread 0x000001bbd396ac00 nmethod 6835 0x000001bbbd255210 code [0x000001bbbd2553a0, 0x000001bbbd255498]
Event: 5.879 Thread 0x000001bbd396ac00 6836       3       org.gradle.internal.instantiation.generator.AsmBackedClassGenerator$ClassBuilderImpl::access$6500 (4 bytes)
Event: 5.879 Thread 0x000001bbd396ac00 nmethod 6836 0x000001bbbd255510 code [0x000001bbbd2556a0, 0x000001bbbd255798]
Event: 5.886 Thread 0x000001bbd396ac00 6837       3       java.lang.reflect.Executable::isSynthetic (8 bytes)
Event: 5.886 Thread 0x000001bbd396ac00 nmethod 6837 0x000001bbbd255810 code [0x000001bbbd2559c0, 0x000001bbbd255c48]
Event: 5.888 Thread 0x000001bbd396ac00 6838       3       org.gradle.internal.instantiation.generator.AbstractClassGenerator::assembleProperties (239 bytes)
Event: 5.889 Thread 0x000001bbd396ac00 nmethod 6838 0x000001bbbd255d10 code [0x000001bbbd256200, 0x000001bbbd258bb8]
Event: 5.905 Thread 0x000001bbd396ac00 6840       2       java.lang.reflect.ProxyGenerator::addProxyMethod (190 bytes)
Event: 5.905 Thread 0x000001bbd396ac00 nmethod 6840 0x000001bbbd259a10 code [0x000001bbbd259cc0, 0x000001bbbd25a528]
Event: 5.905 Thread 0x000001bbd396ac00 6841   !   2       java.lang.reflect.Proxy$ProxyBuilder::ensureVisible (65 bytes)
Event: 5.906 Thread 0x000001bbd396ac00 nmethod 6841 0x000001bbbd25ab10 code [0x000001bbbd25ad20, 0x000001bbbd25b118]

GC Heap History (20 events):
Event: 3.249 GC heap before
{Heap before GC invocations=10 (full 0):
 garbage-first heap   total 86016K, used 65534K [0x0000000080000000, 0x0000000100000000)
  region size 1024K, 42 young (43008K), 6 survivors (6144K)
 Metaspace       used 44764K, committed 45184K, reserved 1114112K
  class space    used 6024K, committed 6208K, reserved 1048576K
}
Event: 3.255 GC heap after
{Heap after GC invocations=11 (full 0):
 garbage-first heap   total 86016K, used 30665K [0x0000000080000000, 0x0000000100000000)
  region size 1024K, 3 young (3072K), 3 survivors (3072K)
 Metaspace       used 44764K, committed 45184K, reserved 1114112K
  class space    used 6024K, committed 6208K, reserved 1048576K
}
Event: 3.601 GC heap before
{Heap before GC invocations=11 (full 0):
 garbage-first heap   total 86016K, used 65481K [0x0000000080000000, 0x0000000100000000)
  region size 1024K, 37 young (37888K), 3 survivors (3072K)
 Metaspace       used 49469K, committed 49920K, reserved 1114112K
  class space    used 6781K, committed 6976K, reserved 1048576K
}
Event: 3.605 GC heap after
{Heap after GC invocations=12 (full 0):
 garbage-first heap   total 86016K, used 32225K [0x0000000080000000, 0x0000000100000000)
  region size 1024K, 5 young (5120K), 5 survivors (5120K)
 Metaspace       used 49469K, committed 49920K, reserved 1114112K
  class space    used 6781K, committed 6976K, reserved 1048576K
}
Event: 3.992 GC heap before
{Heap before GC invocations=12 (full 0):
 garbage-first heap   total 86016K, used 67041K [0x0000000080000000, 0x0000000100000000)
  region size 1024K, 38 young (38912K), 5 survivors (5120K)
 Metaspace       used 53832K, committed 54272K, reserved 1114112K
  class space    used 7385K, committed 7616K, reserved 1048576K
}
Event: 3.997 GC heap after
{Heap after GC invocations=13 (full 0):
 garbage-first heap   total 86016K, used 34301K [0x0000000080000000, 0x0000000100000000)
  region size 1024K, 4 young (4096K), 4 survivors (4096K)
 Metaspace       used 53832K, committed 54272K, reserved 1114112K
  class space    used 7385K, committed 7616K, reserved 1048576K
}
Event: 4.409 GC heap before
{Heap before GC invocations=13 (full 0):
 garbage-first heap   total 86016K, used 67069K [0x0000000080000000, 0x0000000100000000)
  region size 1024K, 36 young (36864K), 4 survivors (4096K)
 Metaspace       used 56222K, committed 56768K, reserved 1114112K
  class space    used 7726K, committed 8000K, reserved 1048576K
}
Event: 4.416 GC heap after
{Heap after GC invocations=14 (full 0):
 garbage-first heap   total 103424K, used 38646K [0x0000000080000000, 0x0000000100000000)
  region size 1024K, 5 young (5120K), 5 survivors (5120K)
 Metaspace       used 56222K, committed 56768K, reserved 1114112K
  class space    used 7726K, committed 8000K, reserved 1048576K
}
Event: 4.772 GC heap before
{Heap before GC invocations=14 (full 0):
 garbage-first heap   total 103424K, used 81654K [0x0000000080000000, 0x0000000100000000)
  region size 1024K, 44 young (45056K), 5 survivors (5120K)
 Metaspace       used 57096K, committed 57600K, reserved 1114112K
  class space    used 7827K, committed 8064K, reserved 1048576K
}
Event: 4.778 GC heap after
{Heap after GC invocations=15 (full 0):
 garbage-first heap   total 103424K, used 46109K [0x0000000080000000, 0x0000000100000000)
  region size 1024K, 6 young (6144K), 6 survivors (6144K)
 Metaspace       used 57096K, committed 57600K, reserved 1114112K
  class space    used 7827K, committed 8064K, reserved 1048576K
}
Event: 5.143 GC heap before
{Heap before GC invocations=15 (full 0):
 garbage-first heap   total 103424K, used 81949K [0x0000000080000000, 0x0000000100000000)
  region size 1024K, 38 young (38912K), 6 survivors (6144K)
 Metaspace       used 59246K, committed 59840K, reserved 1114112K
  class space    used 8104K, committed 8384K, reserved 1048576K
}
Event: 5.147 GC heap after
{Heap after GC invocations=16 (full 0):
 garbage-first heap   total 103424K, used 53588K [0x0000000080000000, 0x0000000100000000)
  region size 1024K, 5 young (5120K), 5 survivors (5120K)
 Metaspace       used 59246K, committed 59840K, reserved 1114112K
  class space    used 8104K, committed 8384K, reserved 1048576K
}
Event: 5.248 GC heap before
{Heap before GC invocations=16 (full 0):
 garbage-first heap   total 103424K, used 62804K [0x0000000080000000, 0x0000000100000000)
  region size 1024K, 15 young (15360K), 5 survivors (5120K)
 Metaspace       used 60050K, committed 60608K, reserved 1114112K
  class space    used 8225K, committed 8512K, reserved 1048576K
}
Event: 5.251 GC heap after
{Heap after GC invocations=17 (full 0):
 garbage-first heap   total 103424K, used 53966K [0x0000000080000000, 0x0000000100000000)
  region size 1024K, 1 young (1024K), 1 survivors (1024K)
 Metaspace       used 60050K, committed 60608K, reserved 1114112K
  class space    used 8225K, committed 8512K, reserved 1048576K
}
Event: 5.545 GC heap before
{Heap before GC invocations=18 (full 0):
 garbage-first heap   total 103424K, used 81614K [0x0000000080000000, 0x0000000100000000)
  region size 1024K, 29 young (29696K), 1 survivors (1024K)
 Metaspace       used 62983K, committed 63616K, reserved 1114112K
  class space    used 8550K, committed 8832K, reserved 1048576K
}
Event: 5.547 GC heap after
{Heap after GC invocations=19 (full 0):
 garbage-first heap   total 103424K, used 54474K [0x0000000080000000, 0x0000000100000000)
  region size 1024K, 1 young (1024K), 1 survivors (1024K)
 Metaspace       used 62983K, committed 63616K, reserved 1114112K
  class space    used 8550K, committed 8832K, reserved 1048576K
}
Event: 5.579 GC heap before
{Heap before GC invocations=19 (full 0):
 garbage-first heap   total 103424K, used 58570K [0x0000000080000000, 0x0000000100000000)
  region size 1024K, 5 young (5120K), 1 survivors (1024K)
 Metaspace       used 63385K, committed 63936K, reserved 1114112K
  class space    used 8587K, committed 8832K, reserved 1048576K
}
Event: 5.581 GC heap after
{Heap after GC invocations=20 (full 0):
 garbage-first heap   total 103424K, used 54549K [0x0000000080000000, 0x0000000100000000)
  region size 1024K, 1 young (1024K), 1 survivors (1024K)
 Metaspace       used 63385K, committed 63936K, reserved 1114112K
  class space    used 8587K, committed 8832K, reserved 1048576K
}
Event: 5.890 GC heap before
{Heap before GC invocations=20 (full 0):
 garbage-first heap   total 103424K, used 83221K [0x0000000080000000, 0x0000000100000000)
  region size 1024K, 29 young (29696K), 1 survivors (1024K)
 Metaspace       used 66464K, committed 67072K, reserved 1114112K
  class space    used 8977K, committed 9280K, reserved 1048576K
}
Event: 5.893 GC heap after
{Heap after GC invocations=21 (full 0):
 garbage-first heap   total 124928K, used 55504K [0x0000000080000000, 0x0000000100000000)
  region size 1024K, 2 young (2048K), 2 survivors (2048K)
 Metaspace       used 66464K, committed 67072K, reserved 1114112K
  class space    used 8977K, committed 9280K, reserved 1048576K
}

Dll operation events (3 events):
Event: 0.008 Loaded shared library D:\App\Android\Android Studio\jbr\bin\java.dll
Event: 0.098 Loaded shared library D:\App\Android\Android Studio\jbr\bin\zip.dll
Event: 0.282 Loaded shared library D:\App\Android\Android Studio\jbr\bin\verify.dll

Deoptimization events (20 events):
Event: 5.004 Thread 0x000001bbd9968590 DEOPT PACKING pc=0x000001bbbc74ad3d sp=0x0000007262ef2c70
Event: 5.004 Thread 0x000001bbd9968590 DEOPT UNPACKING pc=0x000001bbc3bface3 sp=0x0000007262ef20f8 mode 0
Event: 5.034 Thread 0x000001bbd9968590 DEOPT PACKING pc=0x000001bbbc74dfb2 sp=0x0000007262ef18c0
Event: 5.034 Thread 0x000001bbd9968590 DEOPT UNPACKING pc=0x000001bbc3bface3 sp=0x0000007262ef0e40 mode 0
Event: 5.310 Thread 0x000001bbd9968590 Uncommon trap: trap_request=0xffffffde fr.pc=0x000001bbc42f1340 relative=0x00000000000008c0
Event: 5.310 Thread 0x000001bbd9968590 Uncommon trap: reason=class_check action=maybe_recompile pc=0x000001bbc42f1340 method=java.io.BufferedInputStream.read1([BII)I @ 39 c2
Event: 5.310 Thread 0x000001bbd9968590 DEOPT PACKING pc=0x000001bbc42f1340 sp=0x0000007262ef7650
Event: 5.310 Thread 0x000001bbd9968590 DEOPT UNPACKING pc=0x000001bbc3bfa1a3 sp=0x0000007262ef7568 mode 2
Event: 5.310 Thread 0x000001bbd9968590 Uncommon trap: trap_request=0xffffffde fr.pc=0x000001bbc42f2810 relative=0x00000000000001d0
Event: 5.310 Thread 0x000001bbd9968590 Uncommon trap: reason=class_check action=maybe_recompile pc=0x000001bbc42f2810 method=java.io.BufferedInputStream.read1([BII)I @ 39 c2
Event: 5.310 Thread 0x000001bbd9968590 DEOPT PACKING pc=0x000001bbc42f2810 sp=0x0000007262ef75b0
Event: 5.310 Thread 0x000001bbd9968590 DEOPT UNPACKING pc=0x000001bbc3bfa1a3 sp=0x0000007262ef7558 mode 2
Event: 5.345 Thread 0x000001bbd9968590 Uncommon trap: trap_request=0xffffffde fr.pc=0x000001bbc43bb4a4 relative=0x0000000000006604
Event: 5.345 Thread 0x000001bbd9968590 Uncommon trap: reason=class_check action=maybe_recompile pc=0x000001bbc43bb4a4 method=java.util.jar.JarFile.getManifestFromReference()Ljava/util/jar/Manifest; @ 152 c2
Event: 5.345 Thread 0x000001bbd9968590 DEOPT PACKING pc=0x000001bbc43bb4a4 sp=0x0000007262ef6c80
Event: 5.345 Thread 0x000001bbd9968590 DEOPT UNPACKING pc=0x000001bbc3bfa1a3 sp=0x0000007262ef6920 mode 2
Event: 5.524 Thread 0x000001bbd9968590 Uncommon trap: trap_request=0xffffffcc fr.pc=0x000001bbc4436160 relative=0x0000000000000340
Event: 5.524 Thread 0x000001bbd9968590 Uncommon trap: reason=intrinsic_or_type_checked_inlining action=make_not_entrant pc=0x000001bbc4436160 method=java.util.Arrays.copyOf([Ljava/lang/Object;ILjava/lang/Class;)[Ljava/lang/Object; @ 35 c2
Event: 5.524 Thread 0x000001bbd9968590 DEOPT PACKING pc=0x000001bbc4436160 sp=0x0000007262ef7340
Event: 5.524 Thread 0x000001bbd9968590 DEOPT UNPACKING pc=0x000001bbc3bfa1a3 sp=0x0000007262ef72d0 mode 2

Classes unloaded (0 events):
No events

Classes redefined (0 events):
No events

Internal exceptions (20 events):
Event: 4.107 Thread 0x000001bbd9968590 Exception <a 'java/lang/NoSuchMethodError'{0x0000000084b8b8e0}: 'java.lang.Object java.lang.invoke.DirectMethodHandle$Holder.invokeSpecial(java.lang.Object, java.lang.Object, java.lang.Object, java.lang.Object, java.lang.Object, java.lang.Object, int)'> (0x0000000084b8b8e0) 
thrown [s\src\hotspot\share\interpreter\linkResolver.cpp, line 771]
Event: 4.107 Thread 0x000001bbd9968590 Exception <a 'java/lang/NoSuchMethodError'{0x0000000084b906c0}: 'java.lang.Object java.lang.invoke.Invokers$Holder.linkToTargetMethod(java.lang.Object, java.lang.Object, java.lang.Object, java.lang.Object, int, java.lang.Object)'> (0x0000000084b906c0) 
thrown [s\src\hotspot\share\interpreter\linkResolver.cpp, line 771]
Event: 4.110 Thread 0x000001bbd9968590 Exception <a 'java/lang/NoSuchMethodError'{0x0000000084bc2328}: 'java.lang.Object java.lang.invoke.DirectMethodHandle$Holder.invokeSpecial(java.lang.Object, java.lang.Object, java.lang.Object, java.lang.Object, java.lang.Object, long)'> (0x0000000084bc2328) 
thrown [s\src\hotspot\share\interpreter\linkResolver.cpp, line 771]
Event: 4.111 Thread 0x000001bbd9968590 Exception <a 'java/lang/NoSuchMethodError'{0x0000000084be51e0}: 'void java.lang.invoke.DirectMethodHandle$Holder.invokeStatic(java.lang.Object, java.lang.Object, java.lang.Object, int, java.lang.Object)'> (0x0000000084be51e0) 
thrown [s\src\hotspot\share\interpreter\linkResolver.cpp, line 771]
Event: 4.341 Thread 0x000001bbd9968590 Exception <a 'java/lang/NoSuchMethodError'{0x0000000083a69d08}: 'java.lang.Object java.lang.invoke.DirectMethodHandle$Holder.newInvokeSpecial(java.lang.Object, java.lang.Object, java.lang.Object, java.lang.Object, int, java.lang.Object)'> (0x0000000083a69d08) 
thrown [s\src\hotspot\share\interpreter\linkResolver.cpp, line 771]
Event: 4.341 Thread 0x000001bbd9968590 Exception <a 'java/lang/NoSuchMethodError'{0x0000000083a6f060}: 'java.lang.Object java.lang.invoke.Invokers$Holder.linkToTargetMethod(java.lang.Object, java.lang.Object, java.lang.Object, int, java.lang.Object, java.lang.Object)'> (0x0000000083a6f060) 
thrown [s\src\hotspot\share\interpreter\linkResolver.cpp, line 771]
Event: 4.629 Thread 0x000001bbd9968590 Exception <a 'java/lang/NoSuchMethodError'{0x000000008480c818}: 'long java.lang.invoke.DirectMethodHandle$Holder.invokeVirtual(java.lang.Object, java.lang.Object)'> (0x000000008480c818) 
thrown [s\src\hotspot\share\interpreter\linkResolver.cpp, line 771]
Event: 4.632 Thread 0x000001bbd98039d0 Exception <a 'java/lang/NoSuchMethodError'{0x0000000084887560}: static Lorg/gradle/internal/build/event/types/DefaultOperationFinishedProgressEvent;.<clinit>()V> (0x0000000084887560) 
thrown [s\src\hotspot\share\prims\jni.cpp, line 1127]
Event: 4.634 Thread 0x000001bbd98039d0 Exception <a 'java/lang/NoSuchMethodError'{0x00000000848acb20}: static Lorg/gradle/internal/build/event/types/DefaultProjectConfigurationSuccessResult;.<clinit>()V> (0x00000000848acb20) 
thrown [s\src\hotspot\share\prims\jni.cpp, line 1127]
Event: 4.635 Thread 0x000001bbd98039d0 Exception <a 'java/lang/NoSuchMethodError'{0x00000000848b0bf8}: static Lorg/gradle/internal/build/event/types/AbstractProjectConfigurationResult;.<clinit>()V> (0x00000000848b0bf8) 
thrown [s\src\hotspot\share\prims\jni.cpp, line 1127]
Event: 4.635 Thread 0x000001bbd98039d0 Exception <a 'java/lang/NoSuchMethodError'{0x00000000848b20f8}: static Lorg/gradle/internal/build/event/types/AbstractOperationResult;.<clinit>()V> (0x00000000848b20f8) 
thrown [s\src\hotspot\share\prims\jni.cpp, line 1127]
Event: 4.635 Thread 0x000001bbd98039d0 Exception <a 'java/lang/NoSuchMethodError'{0x00000000848b3310}: static Lorg/gradle/internal/build/event/types/AbstractResult;.<clinit>()V> (0x00000000848b3310) 
thrown [s\src\hotspot\share\prims\jni.cpp, line 1127]
Event: 4.636 Thread 0x000001bbd98039d0 Exception <a 'java/lang/NoSuchMethodError'{0x00000000848c8b88}: static Lorg/gradle/internal/build/event/types/DefaultPluginApplicationResult;.<clinit>()V> (0x00000000848c8b88) 
thrown [s\src\hotspot\share\prims\jni.cpp, line 1127]
Event: 4.637 Thread 0x000001bbd98039d0 Exception <a 'java/lang/NoSuchMethodError'{0x00000000848d3ea8}: static Lorg/gradle/internal/build/event/types/DefaultBinaryPluginIdentifier;.<clinit>()V> (0x00000000848d3ea8) 
thrown [s\src\hotspot\share\prims\jni.cpp, line 1127]
Event: 4.639 Thread 0x000001bbd98039d0 Exception <a 'java/lang/NoSuchMethodError'{0x00000000848ea968}: static Lorg/gradle/internal/build/event/types/DefaultScriptPluginIdentifier;.<clinit>()V> (0x00000000848ea968) 
thrown [s\src\hotspot\share\prims\jni.cpp, line 1127]
Event: 4.712 Thread 0x000001bbd9968590 Exception <a 'java/lang/NoSuchMethodError'{0x000000008420a160}: 'void java.lang.invoke.Invokers$Holder.invoke_MT(java.lang.Object, java.lang.Object, java.lang.Object, java.lang.Object)'> (0x000000008420a160) 
thrown [s\src\hotspot\share\interpreter\linkResolver.cpp, line 771]
Event: 4.717 Thread 0x000001bbd9968590 Exception <a 'java/lang/NoSuchMethodError'{0x00000000842874c0}: 'java.lang.Object java.lang.invoke.DirectMethodHandle$Holder.invokeSpecial(java.lang.Object, java.lang.Object, java.lang.Object, int, java.lang.Object, java.lang.Object)'> (0x00000000842874c0) 
thrown [s\src\hotspot\share\interpreter\linkResolver.cpp, line 771]
Event: 4.851 Thread 0x000001bbd9968590 Exception <a 'java/lang/ClassNotFoundException'{0x0000000086026f28}: sun/misc/SharedSecrets> (0x0000000086026f28) 
thrown [s\src\hotspot\share\classfile\systemDictionary.cpp, line 256]
Event: 4.851 Thread 0x000001bbd9968590 Exception <a 'java/lang/ClassNotFoundException'{0x0000000086028500}: org/gradle/api/internal/plugins/DefaultObjectConfigurationActionBeanInfo> (0x0000000086028500) 
thrown [s\src\hotspot\share\classfile\systemDictionary.cpp, line 256]
Event: 4.851 Thread 0x000001bbd9968590 Exception <a 'java/lang/ClassNotFoundException'{0x000000008603e6f8}: org/gradle/api/internal/plugins/DefaultObjectConfigurationActionCustomizer> (0x000000008603e6f8) 
thrown [s\src\hotspot\share\classfile\systemDictionary.cpp, line 256]

VM Operations (20 events):
Event: 4.409 Executing VM operation: G1CollectForAllocation
Event: 4.417 Executing VM operation: G1CollectForAllocation done
Event: 4.625 Executing VM operation: ICBufferFull
Event: 4.626 Executing VM operation: ICBufferFull done
Event: 4.772 Executing VM operation: G1CollectForAllocation
Event: 4.778 Executing VM operation: G1CollectForAllocation done
Event: 5.143 Executing VM operation: G1CollectForAllocation
Event: 5.147 Executing VM operation: G1CollectForAllocation done
Event: 5.247 Executing VM operation: CollectForMetadataAllocation
Event: 5.251 Executing VM operation: CollectForMetadataAllocation done
Event: 5.273 Executing VM operation: G1PauseRemark
Event: 5.275 Executing VM operation: G1PauseRemark done
Event: 5.286 Executing VM operation: G1PauseCleanup
Event: 5.286 Executing VM operation: G1PauseCleanup done
Event: 5.545 Executing VM operation: G1CollectForAllocation
Event: 5.547 Executing VM operation: G1CollectForAllocation done
Event: 5.579 Executing VM operation: G1CollectForAllocation
Event: 5.581 Executing VM operation: G1CollectForAllocation done
Event: 5.890 Executing VM operation: G1CollectForAllocation
Event: 5.893 Executing VM operation: G1CollectForAllocation done

Events (20 events):
Event: 5.869 loading class javax/xml/parsers/FactoryFinder
Event: 5.869 loading class javax/xml/parsers/FactoryFinder done
Event: 5.869 loading class javax/xml/parsers/FactoryFinder$1
Event: 5.870 loading class javax/xml/parsers/FactoryFinder$1 done
Event: 5.870 loading class com/sun/org/apache/xerces/internal/jaxp/DocumentBuilderFactoryImpl
Event: 5.870 loading class com/sun/org/apache/xerces/internal/jaxp/DocumentBuilderFactoryImpl done
Event: 5.870 loading class com/sun/org/apache/xerces/internal/utils/XMLSecurityManager
Event: 5.871 loading class com/sun/org/apache/xerces/internal/utils/XMLSecurityManager done
Event: 5.871 loading class com/sun/org/apache/xerces/internal/utils/XMLSecurityManager$Limit
Event: 5.871 loading class com/sun/org/apache/xerces/internal/utils/XMLSecurityManager$Limit done
Event: 5.871 loading class com/sun/org/apache/xerces/internal/utils/XMLSecurityManager$NameMap
Event: 5.871 loading class com/sun/org/apache/xerces/internal/utils/XMLSecurityManager$NameMap done
Event: 5.872 loading class com/sun/org/apache/xerces/internal/utils/XMLSecurityPropertyManager
Event: 5.872 loading class com/sun/org/apache/xerces/internal/utils/XMLSecurityPropertyManager done
Event: 5.872 loading class com/sun/org/apache/xerces/internal/utils/XMLSecurityPropertyManager$State
Event: 5.872 loading class com/sun/org/apache/xerces/internal/utils/XMLSecurityPropertyManager$State done
Event: 5.872 loading class com/sun/org/apache/xerces/internal/utils/XMLSecurityPropertyManager$Property
Event: 5.872 loading class com/sun/org/apache/xerces/internal/utils/XMLSecurityPropertyManager$Property done
Event: 5.894 loading class java/util/regex/Pattern$SliceI
Event: 5.894 loading class java/util/regex/Pattern$SliceI done


Dynamic libraries:
0x00007ff62f2b0000 - 0x00007ff62f2ba000 	D:\App\Android\Android Studio\jbr\bin\java.exe
0x00007ffe5dbf0000 - 0x00007ffe5dde8000 	C:\Windows\SYSTEM32\ntdll.dll
0x00007ffe5bda0000 - 0x00007ffe5be62000 	C:\Windows\System32\KERNEL32.DLL
0x00007ffe5b290000 - 0x00007ffe5b58f000 	C:\Windows\System32\KERNELBASE.dll
0x00007ffe5b600000 - 0x00007ffe5b700000 	C:\Windows\System32\ucrtbase.dll
0x00007ffe50330000 - 0x00007ffe50347000 	D:\App\Android\Android Studio\jbr\bin\jli.dll
0x00007ffe50230000 - 0x00007ffe5024b000 	D:\App\Android\Android Studio\jbr\bin\VCRUNTIME140.dll
0x00007ffe5c8f0000 - 0x00007ffe5ca8d000 	C:\Windows\System32\USER32.dll
0x00007ffe5b910000 - 0x00007ffe5b932000 	C:\Windows\System32\win32u.dll
0x00007ffe45bf0000 - 0x00007ffe45e8a000 	C:\Windows\WinSxS\amd64_microsoft.windows.common-controls_6595b64144ccf1df_6.0.19041.4355_none_60b8b9eb71f62e16\COMCTL32.dll
0x00007ffe5d180000 - 0x00007ffe5d1ab000 	C:\Windows\System32\GDI32.dll
0x00007ffe5b7f0000 - 0x00007ffe5b90a000 	C:\Windows\System32\gdi32full.dll
0x00007ffe5b750000 - 0x00007ffe5b7ed000 	C:\Windows\System32\msvcp_win.dll
0x00007ffe5c850000 - 0x00007ffe5c8ee000 	C:\Windows\System32\msvcrt.dll
0x00007ffe5cb70000 - 0x00007ffe5cb9f000 	C:\Windows\System32\IMM32.DLL
0x00007ffe3f850000 - 0x00007ffe3f85c000 	D:\App\Android\Android Studio\jbr\bin\vcruntime140_1.dll
0x00007ffe14570000 - 0x00007ffe145fd000 	D:\App\Android\Android Studio\jbr\bin\msvcp140.dll
0x00007ffde8ee0000 - 0x00007ffde9b63000 	D:\App\Android\Android Studio\jbr\bin\server\jvm.dll
0x00007ffe5c680000 - 0x00007ffe5c72f000 	C:\Windows\System32\ADVAPI32.dll
0x00007ffe5c5e0000 - 0x00007ffe5c67f000 	C:\Windows\System32\sechost.dll
0x00007ffe5d570000 - 0x00007ffe5d693000 	C:\Windows\System32\RPCRT4.dll
0x00007ffe5bbe0000 - 0x00007ffe5bc07000 	C:\Windows\System32\bcrypt.dll
0x00007ffe34d80000 - 0x00007ffe34d89000 	C:\Windows\SYSTEM32\WSOCK32.dll
0x00007ffe5ae20000 - 0x00007ffe5ae6b000 	C:\Windows\SYSTEM32\POWRPROF.dll
0x00007ffe5d2e0000 - 0x00007ffe5d34b000 	C:\Windows\System32\WS2_32.dll
0x00007ffe4dff0000 - 0x00007ffe4e017000 	C:\Windows\SYSTEM32\WINMM.dll
0x00007ffe541a0000 - 0x00007ffe541aa000 	C:\Windows\SYSTEM32\VERSION.dll
0x00007ffe5ade0000 - 0x00007ffe5adf2000 	C:\Windows\SYSTEM32\UMPDC.dll
0x00007ffe59ae0000 - 0x00007ffe59af2000 	C:\Windows\SYSTEM32\kernel.appcore.dll
0x00007ffe2b4d0000 - 0x00007ffe2b4da000 	D:\App\Android\Android Studio\jbr\bin\jimage.dll
0x00007ffe58ff0000 - 0x00007ffe591d4000 	C:\Windows\SYSTEM32\DBGHELP.DLL
0x00007ffe30440000 - 0x00007ffe30474000 	C:\Windows\SYSTEM32\dbgcore.DLL
0x00007ffe5baa0000 - 0x00007ffe5bb22000 	C:\Windows\System32\bcryptPrimitives.dll
0x00007ffe50350000 - 0x00007ffe5035e000 	D:\App\Android\Android Studio\jbr\bin\instrument.dll
0x00007ffe240f0000 - 0x00007ffe24115000 	D:\App\Android\Android Studio\jbr\bin\java.dll
0x00007ffe240d0000 - 0x00007ffe240e8000 	D:\App\Android\Android Studio\jbr\bin\zip.dll
0x00007ffe5be70000 - 0x00007ffe5c5dd000 	C:\Windows\System32\SHELL32.dll
0x00007ffe592f0000 - 0x00007ffe59a94000 	C:\Windows\SYSTEM32\windows.storage.dll
0x00007ffe5cc20000 - 0x00007ffe5cf75000 	C:\Windows\System32\combase.dll
0x00007ffe5ac50000 - 0x00007ffe5ac7b000 	C:\Windows\SYSTEM32\Wldp.dll
0x00007ffe5bcd0000 - 0x00007ffe5bd9d000 	C:\Windows\System32\OLEAUT32.dll
0x00007ffe5cf80000 - 0x00007ffe5d02d000 	C:\Windows\System32\SHCORE.dll
0x00007ffe5bc70000 - 0x00007ffe5bcc5000 	C:\Windows\System32\shlwapi.dll
0x00007ffe5b1c0000 - 0x00007ffe5b1e5000 	C:\Windows\SYSTEM32\profapi.dll
0x00007ffe54ad0000 - 0x00007ffe54ae9000 	D:\App\Android\Android Studio\jbr\bin\net.dll
0x00007ffe57750000 - 0x00007ffe5785a000 	C:\Windows\SYSTEM32\WINHTTP.dll
0x00007ffe5a950000 - 0x00007ffe5a9bc000 	C:\Windows\system32\mswsock.dll
0x00007ffe50410000 - 0x00007ffe50426000 	D:\App\Android\Android Studio\jbr\bin\nio.dll
0x00007ffe503c0000 - 0x00007ffe503d0000 	D:\App\Android\Android Studio\jbr\bin\verify.dll
0x00007ffe21690000 - 0x00007ffe216b7000 	C:\Users\ADMIN\.gradle\native\c067742578af261105cb4f569cf0c3c89f3d7b1fecec35dd04571415982c5e48\windows-amd64\native-platform.dll
0x00007ffde6110000 - 0x00007ffde6254000 	C:\Users\ADMIN\.gradle\native\38dada09dfb8b06ba9b0570ebf7e218e3eb74d4ef43ca46872605cf95ebc2f47\windows-amd64\native-platform-file-events.dll
0x00007ffe503e0000 - 0x00007ffe503e9000 	D:\App\Android\Android Studio\jbr\bin\management.dll
0x00007ffe503d0000 - 0x00007ffe503db000 	D:\App\Android\Android Studio\jbr\bin\management_ext.dll
0x00007ffe5d560000 - 0x00007ffe5d568000 	C:\Windows\System32\PSAPI.DLL
0x00007ffe5ab40000 - 0x00007ffe5ab58000 	C:\Windows\SYSTEM32\CRYPTSP.dll
0x00007ffe5a270000 - 0x00007ffe5a2a8000 	C:\Windows\system32\rsaenh.dll
0x00007ffe5b140000 - 0x00007ffe5b16e000 	C:\Windows\SYSTEM32\USERENV.dll
0x00007ffe5ab60000 - 0x00007ffe5ab6c000 	C:\Windows\SYSTEM32\CRYPTBASE.dll
0x00007ffe5a630000 - 0x00007ffe5a66b000 	C:\Windows\SYSTEM32\IPHLPAPI.DLL
0x00007ffe5c840000 - 0x00007ffe5c848000 	C:\Windows\System32\NSI.dll
0x00007ffe542b0000 - 0x00007ffe542c7000 	C:\Windows\SYSTEM32\dhcpcsvc6.DLL
0x00007ffe54290000 - 0x00007ffe542ad000 	C:\Windows\SYSTEM32\dhcpcsvc.DLL
0x00007ffe5a670000 - 0x00007ffe5a73a000 	C:\Windows\SYSTEM32\DNSAPI.dll
0x00007ffe56300000 - 0x00007ffe56309000 	D:\App\Android\Android Studio\jbr\bin\extnet.dll
0x00007ffe35cb0000 - 0x00007ffe35cb7000 	C:\Windows\system32\wshunix.dll

dbghelp: loaded successfully - version: 4.0.5 - missing functions: none
symbol engine: initialized successfully - sym options: 0x614 - pdb path: .;D:\App\Android\Android Studio\jbr\bin;C:\Windows\SYSTEM32;C:\Windows\WinSxS\amd64_microsoft.windows.common-controls_6595b64144ccf1df_6.0.19041.4355_none_60b8b9eb71f62e16;D:\App\Android\Android Studio\jbr\bin\server;C:\Users\ADMIN\.gradle\native\c067742578af261105cb4f569cf0c3c89f3d7b1fecec35dd04571415982c5e48\windows-amd64;C:\Users\ADMIN\.gradle\native\38dada09dfb8b06ba9b0570ebf7e218e3eb74d4ef43ca46872605cf95ebc2f47\windows-amd64

VM Arguments:
jvm_args: --add-opens=java.base/java.util=ALL-UNNAMED --add-opens=java.base/java.lang=ALL-UNNAMED --add-opens=java.base/java.lang.invoke=ALL-UNNAMED --add-opens=java.prefs/java.util.prefs=ALL-UNNAMED --add-opens=java.base/java.nio.charset=ALL-UNNAMED --add-opens=java.base/java.net=ALL-UNNAMED --add-opens=java.base/java.util.concurrent.atomic=ALL-UNNAMED -Xmx2048m -Dfile.encoding=UTF-8 -Duser.country=US -Duser.language=en -Duser.variant -javaagent:C:\Users\ADMIN\.gradle\wrapper\dists\gradle-8.7-bin\bhs2wmbdwecv87pi65oeuq5iu\gradle-8.7\lib\agents\gradle-instrumentation-agent-8.7.jar 
java_command: org.gradle.launcher.daemon.bootstrap.GradleDaemon 8.7
java_class_path (initial): C:\Users\ADMIN\.gradle\wrapper\dists\gradle-8.7-bin\bhs2wmbdwecv87pi65oeuq5iu\gradle-8.7\lib\gradle-launcher-8.7.jar
Launcher Type: SUN_STANDARD

[Global flags]
     intx CICompilerCount                          = 4                                         {product} {ergonomic}
     uint ConcGCThreads                            = 2                                         {product} {ergonomic}
     uint G1ConcRefinementThreads                  = 8                                         {product} {ergonomic}
   size_t G1HeapRegionSize                         = 1048576                                   {product} {ergonomic}
    uintx GCDrainStackTargetSize                   = 64                                        {product} {ergonomic}
   size_t InitialHeapSize                          = 130023424                                 {product} {ergonomic}
   size_t MarkStackSize                            = 4194304                                   {product} {ergonomic}
   size_t MaxHeapSize                              = 2147483648                                {product} {command line}
   size_t MaxNewSize                               = 1287651328                                {product} {ergonomic}
   size_t MinHeapDeltaBytes                        = 1048576                                   {product} {ergonomic}
   size_t MinHeapSize                              = 8388608                                   {product} {ergonomic}
    uintx NonNMethodCodeHeapSize                   = 5839372                                {pd product} {ergonomic}
    uintx NonProfiledCodeHeapSize                  = 122909434                              {pd product} {ergonomic}
    uintx ProfiledCodeHeapSize                     = 122909434                              {pd product} {ergonomic}
    uintx ReservedCodeCacheSize                    = 251658240                              {pd product} {ergonomic}
     bool SegmentedCodeCache                       = true                                      {product} {ergonomic}
   size_t SoftMaxHeapSize                          = 2147483648                             {manageable} {ergonomic}
     bool UseCompressedClassPointers               = true                           {product lp64_product} {ergonomic}
     bool UseCompressedOops                        = true                           {product lp64_product} {ergonomic}
     bool UseG1GC                                  = true                                      {product} {ergonomic}
     bool UseLargePagesIndividualAllocation        = false                                  {pd product} {ergonomic}

Logging:
Log output configuration:
 #0: stdout all=warning uptime,level,tags
 #1: stderr all=off uptime,level,tags

Environment Variables:
PATH=C:\Users\ADMIN\AppData\Local\Programs\Python\Python312\Scripts\;C:\Users\ADMIN\AppData\Local\Programs\Python\Python312\;D:\App\VMware\VMware Workstation\bin\;C:\Windows\system32;C:\Windows;C:\Windows\System32\Wbem;C:\Windows\System32\WindowsPowerShell\v1.0\;C:\Windows\System32\OpenSSH\;C:\Program Files\Microsoft SQL Server\150\Tools\Binn\;C:\Program Files\Microsoft SQL Server\Client SDK\ODBC\170\Tools\Binn\;C:\Program Files\dotnet\;C:\Program Files (x86)\Microsoft SQL Server\150\Tools\Binn\;C:\Program Files\Microsoft SQL Server\150\DTS\Binn\;C:\Program Files (x86)\Microsoft SQL Server\160\DTS\Binn\;C:\Program Files\Cloudflare\Cloudflare WARP\;D:\App\Git\cmd;D:\App\nodejs\;C:\ProgramData\chocolatey\bin;C:\Users\ADMIN\AppData\Local\Microsoft\WindowsApps;C:\Users\ADMIN\.dotnet\tools;C:\Users\ADMIN\AppData\Roaming\npm;D:\App\xampp\php;C:\xampp\php;
USERNAME=DELL
OS=Windows_NT
PROCESSOR_IDENTIFIER=Intel64 Family 6 Model 140 Stepping 1, GenuineIntel
TMP=C:\Users\ADMIN\AppData\Local\Temp
TEMP=C:\Users\ADMIN\AppData\Local\Temp



Periodic native trim disabled

JNI global refs:
JNI global refs: 26, weak refs: 10

JNI global refs memory usage: 843, weak refs: 841

Process memory usage:
Resident Set Size: 295452K (3% of 8108840K total physical memory with 276392K free physical memory)

OOME stack traces (most recent first):
Classloader memory used:
Loader org.gradle.internal.classloader.VisitableURLClassLoader                         : 3613K
Loader bootstrap                                                                       : 2525K
Loader org.gradle.initialization.MixInLegacyTypesClassLoader                           : 1202K
Loader org.gradle.internal.classloader.VisitableURLClassLoader$InstrumentingVisitableURLClassLoader: 872K
Loader jdk.internal.loader.ClassLoaders$PlatformClassLoader                            : 65555B
Loader jdk.internal.reflect.DelegatingClassLoader                                      : 30990B
Loader jdk.internal.loader.ClassLoaders$AppClassLoader                                 : 28714B
Loader org.gradle.internal.classloader.VisitableURLClassLoader                         : 14622B

Classes loaded by more than one classloader:
Class Program                                                                         : loaded 4 times (x 72B)
Class com.google.common.collect.Iterators$MergingIterator                             : loaded 2 times (x 79B)
Class [Lcom.google.common.collect.AbstractMapEntry;                                   : loaded 2 times (x 67B)
Class com.google.common.collect.SingletonImmutableList                                : loaded 2 times (x 167B)
Class com.google.common.cache.CacheLoader$SupplierToCacheLoader                       : loaded 2 times (x 73B)
Class org.gradle.internal.classpath.ClassPath                                         : loaded 2 times (x 68B)
Class com.google.common.cache.RemovalListener                                         : loaded 2 times (x 68B)
Class org.gradle.api.internal.classpath.DefaultModuleRegistry                         : loaded 2 times (x 84B)
Class Settings_gradle$1$1                                                             : loaded 2 times (x 72B)
Class com.google.common.collect.ListMultimap                                          : loaded 2 times (x 68B)
Class com.google.common.base.CharMatcher$JavaDigit                                    : loaded 2 times (x 109B)
Class com.google.common.base.CharMatcher$Digit                                        : loaded 2 times (x 110B)
Class com.google.common.collect.AbstractMultimap                                      : loaded 2 times (x 121B)
Class com.google.common.cache.CacheBuilder$OneWeigher                                 : loaded 2 times (x 80B)
Class org.gradle.api.Action                                                           : loaded 2 times (x 68B)
Class com.google.common.collect.ImmutableEntry                                        : loaded 2 times (x 80B)
Class com.google.common.collect.Lists$StringAsImmutableList                           : loaded 2 times (x 167B)
Class com.google.common.cache.LocalCache$StrongEntry                                  : loaded 2 times (x 106B)
Class com.google.common.base.CharMatcher                                              : loaded 2 times (x 109B)
Class com.google.common.base.CharMatcher$IsNot                                        : loaded 2 times (x 109B)
Class com.google.common.base.Splitter                                                 : loaded 2 times (x 70B)
Class [Lcom.google.common.cache.Weigher;                                              : loaded 2 times (x 67B)
Class com.google.common.collect.Iterators$ArrayItr                                    : loaded 2 times (x 95B)
Class com.google.common.cache.LocalCache$Segment                                      : loaded 2 times (x 152B)
Class org.gradle.api.internal.DefaultClassPathProvider                                : loaded 2 times (x 74B)
Class org.gradle.internal.installation.GradleInstallation$1                           : loaded 2 times (x 73B)
Class com.google.common.cache.LocalCache$AbstractReferenceEntry                       : loaded 2 times (x 105B)
Class com.google.common.util.concurrent.AbstractFuture$Failure                        : loaded 2 times (x 70B)
Class com.google.common.base.CharMatcher$BitSetMatcher                                : loaded 2 times (x 110B)
Class com.google.common.collect.ImmutableMap$IteratorBasedImmutableMap                : loaded 2 times (x 123B)
Class com.google.common.collect.ImmutableMap                                          : loaded 2 times (x 118B)
Class com.google.common.base.Converter                                                : loaded 2 times (x 88B)
Class com.google.common.collect.ImmutableSet$EmptySetBuilderImpl                      : loaded 2 times (x 74B)
Class com.google.common.base.Equivalence                                              : loaded 2 times (x 80B)
Class com.google.common.cache.LocalCache$EntryFactory$1                               : loaded 2 times (x 81B)
Class com.google.common.cache.LocalCache$EntryFactory$2                               : loaded 2 times (x 81B)
Class com.google.common.cache.LocalCache$EntryFactory$3                               : loaded 2 times (x 81B)
Class com.google.common.cache.LocalCache$EntryFactory$4                               : loaded 2 times (x 81B)
Class com.google.common.cache.LocalCache$EntryFactory$5                               : loaded 2 times (x 81B)
Class com.google.common.cache.LocalCache$EntryFactory$6                               : loaded 2 times (x 81B)
Class com.google.common.cache.LocalCache$EntryFactory$7                               : loaded 2 times (x 81B)
Class com.google.common.cache.LocalCache$EntryFactory$8                               : loaded 2 times (x 81B)
Class com.google.common.base.Predicate                                                : loaded 2 times (x 68B)
Class com.google.common.cache.LocalCache$StrongValueReference                         : loaded 2 times (x 88B)
Class org.gradle.internal.classloader.FilteringClassLoader                            : loaded 2 times (x 103B)
Class com.google.common.collect.RegularImmutableSet                                   : loaded 2 times (x 146B)
Class [Lcom.google.common.cache.LocalCache$Strength;                                  : loaded 2 times (x 67B)
Class org.gradle.internal.classpath.DefaultClassPath$ImmutableUniqueList$Builder      : loaded 2 times (x 73B)
Class com.google.common.collect.Maps$8                                                : loaded 2 times (x 80B)
Class [Lcom.google.common.cache.CacheBuilder$NullListener;                            : loaded 2 times (x 67B)
Class com.google.common.base.PatternCompiler                                          : loaded 2 times (x 68B)
Class com.google.common.base.CharMatcher$InRange                                      : loaded 2 times (x 109B)
Class com.google.common.collect.BiMap                                                 : loaded 2 times (x 68B)
Class com.google.common.collect.Lists                                                 : loaded 2 times (x 69B)
Class com.google.common.math.IntMath$1                                                : loaded 2 times (x 69B)
Class org.gradle.internal.classloader.ClassLoaderVisitor                              : loaded 2 times (x 74B)
Class com.google.common.cache.CacheBuilder$NullListener                               : loaded 2 times (x 80B)
Class com.google.common.math.MathPreconditions                                        : loaded 2 times (x 69B)
Class org.gradle.internal.service.DefaultServiceLocator                               : loaded 2 times (x 81B)
Class org.gradle.internal.service.UnknownServiceException                             : loaded 2 times (x 81B)
Class com.google.common.util.concurrent.AbstractFuture$SynchronizedHelper             : loaded 2 times (x 76B)
Class com.google.common.collect.ArrayListMultimap                                     : loaded 2 times (x 170B)
Class com.google.common.base.Strings                                                  : loaded 2 times (x 69B)
Class com.google.common.cache.CacheLoader$InvalidCacheLoadException                   : loaded 2 times (x 80B)
Class org.gradle.internal.classloader.DefaultClassLoaderFactory                       : loaded 2 times (x 80B)
Class com.google.common.collect.UnmodifiableIterator                                  : loaded 2 times (x 78B)
Class com.google.common.base.Stopwatch                                                : loaded 2 times (x 70B)
Class com.google.common.base.Platform$JdkPatternCompiler                              : loaded 2 times (x 73B)
Class com.google.common.cache.LocalCache$LoadingValueReference                        : loaded 2 times (x 94B)
Class com.google.common.base.CharMatcher$SingleWidth                                  : loaded 2 times (x 110B)
Class com.google.common.collect.Hashing                                               : loaded 2 times (x 69B)
Class com.google.common.base.JdkPattern                                               : loaded 2 times (x 73B)
Class com.google.common.collect.Multimap                                              : loaded 2 times (x 68B)
Class com.google.common.base.FunctionalEquivalence                                    : loaded 2 times (x 81B)
Class com.google.common.cache.LocalCache$1                                            : loaded 2 times (x 87B)
Class com.google.common.cache.LocalCache$2                                            : loaded 2 times (x 140B)
Class com.google.common.collect.RegularImmutableBiMap                                 : loaded 2 times (x 146B)
Class org.gradle.internal.classloader.VisitableURLClassLoader$Spec                    : loaded 2 times (x 72B)
Class org.gradle.api.GradleException                                                  : loaded 2 times (x 80B)
Class com.google.common.base.CharMatcher$JavaLetterOrDigit                            : loaded 2 times (x 109B)
Class org.gradle.api.internal.classpath.ModuleRegistry                                : loaded 2 times (x 68B)
Class com.google.common.cache.CacheBuilder                                            : loaded 2 times (x 70B)
Class com.google.common.collect.ImmutableCollection                                   : loaded 2 times (x 123B)
Class com.google.common.base.PairwiseEquivalence                                      : loaded 2 times (x 81B)
Class com.google.common.base.Ticker                                                   : loaded 2 times (x 70B)
Class org.gradle.api.internal.ClassPathProvider                                       : loaded 2 times (x 68B)
Class com.google.common.collect.RegularImmutableMap$Values                            : loaded 2 times (x 167B)
Class org.gradle.internal.classloader.ClasspathUtil$1                                 : loaded 2 times (x 74B)
Class com.google.common.collect.ImmutableEnumMap                                      : loaded 2 times (x 123B)
Class com.google.common.collect.ImmutableList$ReverseImmutableList                    : loaded 2 times (x 168B)
Class com.google.common.cache.AbstractCache$StatsCounter                              : loaded 2 times (x 68B)
Class com.google.common.cache.LocalCache$Strength$1                                   : loaded 2 times (x 79B)
Class com.google.common.cache.LocalCache$Strength$2                                   : loaded 2 times (x 79B)
Class com.google.common.cache.LocalCache$Strength$3                                   : loaded 2 times (x 79B)
Class org.gradle.internal.classloader.ClassLoaderFactory                              : loaded 2 times (x 68B)
Class com.google.common.collect.ObjectArrays                                          : loaded 2 times (x 69B)
Class com.google.common.util.concurrent.AbstractFuture$Waiter                         : loaded 2 times (x 70B)
Class com.google.common.util.concurrent.Uninterruptibles                              : loaded 2 times (x 69B)
Class com.google.common.collect.Iterators$10                                          : loaded 2 times (x 79B)
Class com.google.common.collect.ImmutableList                                         : loaded 2 times (x 166B)
Class org.gradle.api.internal.classpath.ManifestUtil                                  : loaded 2 times (x 69B)
Class org.gradle.api.specs.Spec                                                       : loaded 2 times (x 68B)
Class com.google.common.cache.CacheLoader$UnsupportedLoadingOperationException        : loaded 2 times (x 80B)
Class com.google.common.base.CharMatcher$Whitespace                                   : loaded 2 times (x 110B)
Class com.google.common.util.concurrent.ListenableFuture                              : loaded 2 times (x 68B)
Class com.google.common.collect.Iterators$1                                           : loaded 2 times (x 79B)
Class com.google.common.collect.Iterators$4                                           : loaded 2 times (x 80B)
Class com.google.common.collect.RegularImmutableMap$BucketOverflowException           : loaded 2 times (x 80B)
Class com.google.common.collect.Iterators$5                                           : loaded 2 times (x 80B)
Class com.google.common.util.concurrent.AbstractFuture$UnsafeAtomicHelper             : loaded 2 times (x 76B)
Class com.google.common.base.Equivalence$Equals                                       : loaded 2 times (x 80B)
Class com.google.common.base.Preconditions                                            : loaded 2 times (x 69B)
Class com.google.common.base.Function                                                 : loaded 2 times (x 68B)
Class com.google.common.collect.Iterators$9                                           : loaded 2 times (x 79B)
Class org.gradle.internal.IoActions                                                   : loaded 2 times (x 69B)
Class com.google.common.cache.ReferenceEntry                                          : loaded 2 times (x 68B)
Class com.google.common.collect.RegularImmutableMap$KeySet                            : loaded 2 times (x 148B)
Class com.google.common.collect.CollectPreconditions                                  : loaded 2 times (x 69B)
Class com.google.common.collect.Maps                                                  : loaded 2 times (x 69B)
Class com.google.common.collect.RegularImmutableMap                                   : loaded 2 times (x 119B)
Class com.google.common.collect.AbstractIndexedListIterator                           : loaded 2 times (x 94B)
Class com.google.common.base.CharMatcher$None                                         : loaded 2 times (x 110B)
Class org.gradle.api.internal.classpath.EffectiveClassPath                            : loaded 2 times (x 88B)
Class com.google.common.collect.UnmodifiableListIterator                              : loaded 2 times (x 93B)
Class com.google.common.cache.CacheLoader$FunctionToCacheLoader                       : loaded 2 times (x 73B)
Class com.google.common.cache.CacheBuilder$1                                          : loaded 2 times (x 83B)
Class com.google.common.cache.CacheBuilder$2                                          : loaded 2 times (x 70B)
Class com.google.common.collect.ImmutableList$1                                       : loaded 2 times (x 95B)
Class com.google.common.base.Splitter$Strategy                                        : loaded 2 times (x 68B)
Class com.google.common.collect.ImmutableMapEntrySet$RegularEntrySet                  : loaded 2 times (x 149B)
Class [Lcom.google.common.cache.RemovalListener;                                      : loaded 2 times (x 67B)
Class [Lcom.google.common.collect.ImmutableMapEntry;                                  : loaded 2 times (x 67B)
Class org.gradle.internal.installation.CurrentGradleInstallation                      : loaded 2 times (x 71B)
Class org.gradle.internal.agents.InstrumentingClassLoader                             : loaded 2 times (x 68B)
Class org.gradle.internal.installation.CurrentGradleInstallationLocator               : loaded 2 times (x 69B)
Class [Lcom.google.common.cache.LocalCache$Segment;                                   : loaded 2 times (x 67B)
Class org.gradle.api.internal.classpath.Module                                        : loaded 2 times (x 68B)
Class com.google.common.base.Splitter$1$1                                             : loaded 2 times (x 84B)
Class com.google.common.collect.ImmutableSet$JdkBackedSetBuilderImpl                  : loaded 2 times (x 74B)
Class com.google.common.collect.ImmutableSet$RegularSetBuilderImpl                    : loaded 2 times (x 75B)
Class org.gradle.internal.service.CachingServiceLocator                               : loaded 2 times (x 80B)
Class [Lcom.google.common.collect.ImmutableEntry;                                     : loaded 2 times (x 67B)
Class org.gradle.internal.classpath.DefaultClassPath                                  : loaded 2 times (x 88B)
Class com.google.common.util.concurrent.AbstractFuture$SetFuture                      : loaded 2 times (x 73B)
Class com.google.common.base.Splitter$SplittingIterator                               : loaded 2 times (x 82B)
Class com.google.common.cache.LocalCache$LocalManualCache$1                           : loaded 2 times (x 73B)
Class Build_gradle$1                                                                  : loaded 2 times (x 76B)
Class [Lcom.google.common.cache.LocalCache$EntryFactory;                              : loaded 2 times (x 67B)
Class com.google.common.base.CharMatcher$Is                                           : loaded 2 times (x 109B)
Class com.google.common.base.Platform                                                 : loaded 2 times (x 69B)
Class com.google.common.collect.RegularImmutableAsList                                : loaded 2 times (x 176B)
Class com.google.common.collect.PeekingIterator                                       : loaded 2 times (x 68B)
Class com.google.common.collect.ImmutableMapEntrySet                                  : loaded 2 times (x 149B)
Class com.google.common.cache.CacheLoader                                             : loaded 2 times (x 72B)
Class com.google.common.collect.ImmutableBiMapFauxverideShim                          : loaded 2 times (x 118B)
Class com.google.common.cache.Cache                                                   : loaded 2 times (x 68B)
Class org.gradle.internal.classloader.SystemClassLoaderSpec                           : loaded 2 times (x 69B)
Class com.google.common.util.concurrent.internal.InternalFutureFailureAccess          : loaded 2 times (x 70B)
Class com.google.common.collect.SingletonImmutableSet                                 : loaded 2 times (x 144B)
Class [Lcom.google.common.base.AbstractIterator$State;                                : loaded 2 times (x 67B)
Class com.google.common.collect.ImmutableMap$Builder                                  : loaded 2 times (x 80B)
Class com.google.common.base.AbstractIterator                                         : loaded 2 times (x 78B)
Class com.google.common.base.AbstractIterator$1                                       : loaded 2 times (x 69B)
Class [Lcom.google.common.cache.CacheBuilder$OneWeigher;                              : loaded 2 times (x 67B)
Class com.google.common.collect.Iterators                                             : loaded 2 times (x 69B)
Class com.google.common.base.CharMatcher$1                                            : loaded 2 times (x 111B)
Class com.google.common.base.CharMatcher$Ascii                                        : loaded 2 times (x 110B)
Class com.google.common.cache.LocalCache$ComputingValueReference                      : loaded 2 times (x 94B)
Class org.gradle.api.UncheckedIOException                                             : loaded 2 times (x 80B)
Class com.google.common.base.CharMatcher$And                                          : loaded 2 times (x 110B)
Class com.google.common.collect.IndexedImmutableSet                                   : loaded 2 times (x 148B)
Class com.google.common.collect.IndexedImmutableSet$1                                 : loaded 2 times (x 172B)
Class com.google.common.collect.AbstractListMultimap                                  : loaded 2 times (x 170B)
Class com.google.common.base.CharMatcher$Any                                          : loaded 2 times (x 110B)
Class org.gradle.internal.installation.GradleInstallation                             : loaded 2 times (x 73B)
Class com.google.common.cache.LocalCache$Strength                                     : loaded 2 times (x 79B)
Class com.google.common.collect.ArrayListMultimapGwtSerializationDependencies         : loaded 2 times (x 170B)
Class com.google.common.base.CharMatcher$RangesMatcher                                : loaded 2 times (x 110B)
Class com.google.common.collect.ImmutableList$SubList                                 : loaded 2 times (x 168B)
Class com.google.common.cache.LocalCache$ValueReference                               : loaded 2 times (x 68B)
Class org.gradle.internal.classloader.ClasspathUtil                                   : loaded 2 times (x 69B)
Class com.google.common.util.concurrent.AbstractFuture                                : loaded 2 times (x 93B)
Class com.google.common.base.Splitter$1                                               : loaded 2 times (x 75B)
Class com.google.common.base.Ticker$1                                                 : loaded 2 times (x 70B)
Class com.google.common.collect.Maps$BiMapConverter                                   : loaded 2 times (x 88B)
Class org.gradle.api.internal.DefaultClassPathRegistry                                : loaded 2 times (x 74B)
Class com.google.common.util.concurrent.AbstractFuture$Cancellation                   : loaded 2 times (x 70B)
Class com.google.common.collect.ImmutableSet$SetBuilderImpl                           : loaded 2 times (x 74B)
Class org.gradle.api.internal.classpath.DefaultModuleRegistry$DefaultModule           : loaded 2 times (x 84B)
Class com.google.common.base.CharMatcher$JavaIsoControl                               : loaded 2 times (x 110B)
Class com.google.common.collect.ImmutableMap$1                                        : loaded 2 times (x 79B)
Class com.google.common.base.CharMatcher$Or                                           : loaded 2 times (x 110B)
Class org.gradle.kotlin.dsl.VersionCatalogAccessorsKt                                 : loaded 2 times (x 69B)
Class com.google.common.base.Suppliers$SupplierOfInstance                             : loaded 2 times (x 77B)
Class com.google.common.collect.Iterables                                             : loaded 2 times (x 69B)
Class com.google.common.base.CharMatcher$JavaLowerCase                                : loaded 2 times (x 109B)
Class org.gradle.api.internal.classpath.UnknownModuleException                        : loaded 2 times (x 80B)
Class com.google.common.util.concurrent.AbstractFuture$Listener                       : loaded 2 times (x 70B)
Class com.google.common.collect.Maps$EntryTransformer                                 : loaded 2 times (x 68B)
Class com.google.common.collect.ImmutableCollection$Builder                           : loaded 2 times (x 74B)
Class com.google.common.collect.SingletonImmutableBiMap                               : loaded 2 times (x 141B)
Class com.google.common.base.CommonPattern                                            : loaded 2 times (x 72B)
Class com.google.common.base.Suppliers                                                : loaded 2 times (x 69B)
Class com.google.common.cache.LoadingCache                                            : loaded 2 times (x 68B)
Class org.gradle.internal.service.ServiceLookupException                              : loaded 2 times (x 80B)
Class org.gradle.cache.GlobalCache                                                    : loaded 2 times (x 68B)
Class com.google.common.base.CharMatcher$NegatedFastMatcher                           : loaded 2 times (x 111B)
Class [Lorg.gradle.api.internal.ClassPathProvider;                                    : loaded 2 times (x 67B)
Class com.google.common.util.concurrent.AbstractFuture$SafeAtomicHelper               : loaded 2 times (x 77B)
Class org.gradle.util.internal.GUtil                                                  : loaded 2 times (x 69B)
Class com.google.common.math.IntMath                                                  : loaded 2 times (x 69B)
Class com.google.common.collect.AbstractIterator                                      : loaded 2 times (x 80B)
Class org.gradle.internal.classloader.ClassLoaderSpec                                 : loaded 2 times (x 69B)
Class com.google.common.base.NullnessCasts                                            : loaded 2 times (x 69B)
Class com.google.common.cache.LocalCache$LocalManualCache                             : loaded 2 times (x 97B)
Class com.google.common.collect.AbstractMapEntry                                      : loaded 2 times (x 79B)
Class com.google.common.base.CharMatcher$Negated                                      : loaded 2 times (x 111B)
Class com.google.common.cache.CacheLoader$1                                           : loaded 2 times (x 73B)
Class com.google.common.util.concurrent.AbstractFuture$TrustedFuture                  : loaded 2 times (x 95B)
Class com.google.common.collect.ImmutableSet$Builder                                  : loaded 2 times (x 83B)
Class com.google.common.base.CharMatcher$ForPredicate                                 : loaded 2 times (x 110B)
Class com.google.common.collect.ImmutableMap$MapViewOfValuesAsSingletonSets           : loaded 2 times (x 123B)
Class com.google.common.base.MoreObjects                                              : loaded 2 times (x 69B)
Class com.google.common.collect.SortedMapDifference                                   : loaded 2 times (x 68B)
Class com.google.common.cache.CacheStats                                              : loaded 2 times (x 69B)
Class org.gradle.internal.classloader.VisitableURLClassLoader                         : loaded 2 times (x 115B)
Class com.google.common.cache.LocalCache$LocalLoadingCache                            : loaded 2 times (x 132B)
Class com.google.common.base.Supplier                                                 : loaded 2 times (x 68B)
Class com.google.common.util.concurrent.AbstractFuture$AtomicHelper                   : loaded 2 times (x 76B)
Class com.google.common.collect.ImmutableBiMap                                        : loaded 2 times (x 141B)
Class org.gradle.internal.Cast                                                        : loaded 2 times (x 69B)
Class Build_gradle                                                                    : loaded 2 times (x 70B)
Class org.gradle.api.internal.ClassPathRegistry                                       : loaded 2 times (x 68B)
Class com.google.common.cache.LocalCache$EntryFactory                                 : loaded 2 times (x 81B)
Class com.google.common.util.concurrent.UncheckedExecutionException                   : loaded 2 times (x 80B)
Class com.google.common.collect.ImmutableSet                                          : loaded 2 times (x 143B)
Class org.gradle.internal.classloader.VisitableURLClassLoader$InstrumentingVisitableURLClassLoader: loaded 2 times (x 121B)
Class org.gradle.internal.classloader.ClassLoaderHierarchy                            : loaded 2 times (x 68B)
Class com.google.common.base.AbstractIterator$State                                   : loaded 2 times (x 77B)
Class com.google.common.cache.Weigher                                                 : loaded 2 times (x 68B)
Class com.google.common.base.CharMatcher$NamedFastMatcher                             : loaded 2 times (x 110B)
Class org.gradle.internal.InternalTransformer                                         : loaded 2 times (x 68B)
Class org.gradle.internal.service.ServiceLocator                                      : loaded 2 times (x 68B)
Class Settings_gradle$1                                                               : loaded 2 times (x 72B)
Class com.google.common.util.concurrent.SettableFuture                                : loaded 2 times (x 95B)
Class com.google.common.collect.ImmutableMapEntry                                     : loaded 2 times (x 83B)
Class com.google.common.base.CharMatcher$Invisible                                    : loaded 2 times (x 110B)
Class com.google.common.base.CharMatcher$FastMatcher                                  : loaded 2 times (x 109B)
Class org.gradle.internal.classpath.DefaultClassPath$ImmutableUniqueList              : loaded 2 times (x 159B)
Class com.google.common.base.CharMatcher$JavaLetter                                   : loaded 2 times (x 109B)
Class org.gradle.internal.classpath.TransformedClassPath                              : loaded 2 times (x 94B)
Class com.google.common.collect.MapDifference                                         : loaded 2 times (x 68B)
Class com.google.common.util.concurrent.AbstractFuture$Trusted                        : loaded 2 times (x 68B)
Class Settings_gradle                                                                 : loaded 2 times (x 126B)
Class com.google.common.collect.Platform                                              : loaded 2 times (x 69B)
Class com.google.common.collect.ImmutableAsList                                       : loaded 2 times (x 169B)
Class com.google.common.util.concurrent.ExecutionError                                : loaded 2 times (x 80B)
Class com.google.common.base.Equivalence$Identity                                     : loaded 2 times (x 80B)
Class com.google.common.base.CharMatcher$AnyOf                                        : loaded 2 times (x 110B)
Class com.google.common.base.CharMatcher$IsEither                                     : loaded 2 times (x 109B)
Class com.google.common.cache.LocalCache                                              : loaded 2 times (x 185B)
Class com.google.common.collect.RegularImmutableList                                  : loaded 2 times (x 172B)
Class com.google.common.util.concurrent.AbstractFuture$UnsafeAtomicHelper$1           : loaded 2 times (x 74B)
Class com.google.common.base.CharMatcher$JavaUpperCase                                : loaded 2 times (x 109B)
Class com.google.common.collect.Multiset                                              : loaded 2 times (x 68B)
Class com.google.common.collect.ImmutableSet$CachingAsList                            : loaded 2 times (x 145B)
Class com.google.common.collect.ImmutableMapEntry$NonTerminalImmutableMapEntry        : loaded 2 times (x 83B)
Class com.google.common.collect.AbstractMapBasedMultimap                              : loaded 2 times (x 137B)


---------------  S Y S T E M  ---------------

OS:
 Windows 10 , 64 bit Build 19041 (10.0.19041.5438)
OS uptime: 0 days 1:06 hours

CPU: total 8 (initial active 8) (4 cores per cpu, 2 threads per core) family 6 model 140 stepping 1 microcode 0xba, cx8, cmov, fxsr, ht, mmx, 3dnowpref, sse, sse2, sse3, ssse3, sse4.1, sse4.2, popcnt, lzcnt, tsc, tscinvbit, avx, avx2, aes, erms, clmul, bmi1, bmi2, adx, avx512f, avx512dq, avx512cd, avx512bw, avx512vl, sha, fma, vzeroupper, avx512_vpopcntdq, avx512_vpclmulqdq, avx512_vaes, avx512_vnni, clflush, clflushopt, clwb, avx512_vbmi2, avx512_vbmi
Processor Information for all 8 processors :
  Max Mhz: 2419, Current Mhz: 2419, Mhz Limit: 2419

Memory: 4k page, system-wide physical 7918M (267M free)
TotalPageFile size 14600M (AvailPageFile size 6M)
current process WorkingSet (physical memory assigned to process): 289M, peak: 289M
current process commit charge ("private bytes"): 342M, peak: 344M

vm_info: OpenJDK 64-Bit Server VM (17.0.11+0--11852314) for windows-amd64 JRE (17.0.11+0--11852314), built on May 16 2024 21:29:20 by "androidbuild" with MS VC++ 16.10 / 16.11 (VS2019)

END.
